continuer ['k', 'o~', 't', 'i', 'n', 'y', 'e'] => continuer ['k', 'o~', 't', 'i', 'n', 'y', 'e'] Correct 0.0 <=>  (k=>k) (o~=>o~) (t=>t) (i=>i) (n=>n) (y=>y) (e=>e)
environnement ['a~', 'v', 'i', 'R', 'O', 'n', '@', 'm', 'a~'] => environnement ['a~', 'v', 'i', 'R', 'O', 'n', 'm', 'a~'] Correct 2.3 <=>  (a~=>a~) (v=>v) (i=>i) (R=>R) (O=>O) (n=>n) (@=>) (m=>m) (a~=>a~)
informations ['f', 'o', 'R', 'm', 'a', 's', 'j', 'o~', 'p'] => information ['e~', 'f', 'o', 'R', 'm', 'a', 's', 'j', 'o~'] Erreur 3.3 <=>  (=>e~) (f=>f) (o=>o) (R=>R) (m=>m) (a=>a) (s=>s) (j=>j) (o~=>o~) (p=>)
etats-unis ['e', 't', 'a', 'z', 'y', 'n', 'i'] => etats-unis ['E', 't', 'a', 'y', 'n', 'i'] Correct 5.6 <=>  (e=>E) (t=>t) (a=>a) (z=>) (y=>y) (n=>n) (i=>i)
association ['a', 's', 'O', 's', 'j', 'a', 's', 'j', 'o~'] => association ['a', 's', 'O', 's', 'j', 'a', 's', 'j', 'o~'] Correct 0.0 <=>  (a=>a) (s=>s) (O=>O) (s=>s) (j=>j) (a=>a) (s=>s) (j=>j) (o~=>o~)
immigration ['i', 'm', 'i', 'g', 'R', 'a', 's', 'j', 'o~'] => immigration ['i', 'm', 'i', 'g', 'R', 'a', 's', 'j', 'o~'] Correct 0.0 <=>  (i=>i) (m=>m) (i=>i) (g=>g) (R=>R) (a=>a) (s=>s) (j=>j) (o~=>o~)
propositions ['p', 'R', 'O', 'p', 'O', 'z', 'i', 's', 'j', 'o~'] => propositions ['p', 'R', 'O', 'p', 'O', 'z', 'i', 's', 'j', 'o~'] Correct 0.0 <=>  (p=>p) (R=>R) (O=>O) (p=>p) (O=>O) (z=>z) (i=>i) (s=>s) (j=>j) (o~=>o~)
continuer ['k', 'o~', 't', 'i', 'n', 'y', 'e'] => continuer ['k', 'o~', 't', 'i', 'n', 'y', 'e'] Correct 0.0 <=>  (k=>k) (o~=>o~) (t=>t) (i=>i) (n=>n) (y=>y) (e=>e)
franceinter.com ['f', 'R', 'a~', 's', 'e~', 't', 'E', 'R', 'p', 'w', 'e~', 'k', 'e~', 'm'] => franceinter.com ['f', 'R', 'a~', 's', 'e~', 't', 'e', 'p', 'w', 'e~', 'k', 'o', 'm'] Correct 11.1 <=>  (f=>f) (R=>R) (a~=>a~) (s=>s) (e~=>e~) (t=>t) (E=>) (R=>e) (p=>p) (w=>w) (e~=>e~) (k=>k) (e~=>o) (m=>m)
observateur ['O', 'b', 's', 'E', 'R', 'v', 'a', 't', '9', 'R'] => observateur ['O', 'b', 's', 'E', 'R', 'v', 'a', 't', '9', 'R'] Correct 0.0 <=>  (O=>O) (b=>b) (s=>s) (E=>E) (R=>R) (v=>v) (a=>a) (t=>t) (9=>9) (R=>R)
évidemment ['e', 'v', 'i', 'd', 'a', 'm', 'a~'] => évidemment ['e', 'v', 'i', 'd', 'a', 'm', 'a~'] Correct 0.0 <=>  (e=>e) (v=>v) (i=>i) (d=>d) (a=>a) (m=>m) (a~=>a~)
littérature ['l', 'i', 't', 'e', 'R', 'a', 't', 'y', 'R'] => littérature ['l', 'i', 't', 'e', 'R', 'a', 't', 'y', 'R'] Correct 0.0 <=>  (l=>l) (i=>i) (t=>t) (e=>e) (R=>R) (a=>a) (t=>t) (y=>y) (R=>R)
américain ['a', 'm', 'E', 'R', 'i', 'k', 'e~', 'd'] => américains ['a', 'm', 'E', 'R', 'i', 'k', 'e~'] Erreur 2.3 <=>  (a=>a) (m=>m) (E=>E) (R=>R) (i=>i) (k=>k) (e~=>e~) (d=>)
effectivement ['e', 'f', 'E', 'k', 't', 'i', 'v', 'm', 'a~'] => effectivement ['e', 'f', 'E', 'k', 't', 'i', 'v', 'm', 'a~'] Correct 0.0 <=>  (e=>e) (f=>f) (E=>E) (k=>k) (t=>t) (i=>i) (v=>v) (m=>m) (a~=>a~)
absolument ['a', 'b', 's', 'O', 'l', 'y', 'm', 'a~'] => absolument ['a', 'b', 's', 'O', 'l', 'y', 'm', 'a~'] Correct 0.0 <=>  (a=>a) (b=>b) (s=>s) (O=>O) (l=>l) (y=>y) (m=>m) (a~=>a~)
absolument ['b', 's', 'O', 'l', 'y', 'm', 'a~'] => absolument ['a', 'b', 's', 'O', 'l', 'y', 'm', 'a~'] Correct 1.0 <=>  (=>a) (b=>b) (s=>s) (O=>O) (l=>l) (y=>y) (m=>m) (a~=>a~)
américain ['a', 'm', 'E', 'R', 'i', 'k', 'e~'] => américains ['a', 'm', 'E', 'R', 'i', 'k', 'e~'] Erreur 0.0 <=>  (a=>a) (m=>m) (E=>E) (R=>R) (i=>i) (k=>k) (e~=>e~)
américains ['a', 'm', 'E', 'R', 'i', 'k', 'e~'] => américains ['a', 'm', 'E', 'R', 'i', 'k', 'e~'] Correct 0.0 <=>  (a=>a) (m=>m) (E=>E) (R=>R) (i=>i) (k=>k) (e~=>e~)
littérature ['l', 'i', 't', 'e', 'R', 'a', 't', 'y', 'R', '@'] => littérature ['l', 'i', 't', 'e', 'R', 'a', 't', 'y', 'R', '@'] Correct 0.0 <=>  (l=>l) (i=>i) (t=>t) (e=>e) (R=>R) (a=>a) (t=>t) (y=>y) (R=>R) (@=>@)
absolument ['s', 'e', 'v', 'R', 'e'] => intéresser ['e~', 't', 'e', 'R', 'e', 's', 'e', 'R'] Erreur 9.6 <=>  (=>e~) (=>t) (=>e) (=>R) (=>e) (s=>s) (e=>e) (v=>) (R=>R) (e=>)
intéressant ['e~', 't', 'e', 'R', 'e', 's', 'a~'] => intéressant ['e~', 't', 'e', 'R', 'e', 's', 'a~'] Correct 0.0 <=>  (e~=>e~) (t=>t) (e=>e) (R=>R) (e=>e) (s=>s) (a~=>a~)
absolument ['a', 'b', 's', 'O', 'l', 'y', 'm', 'a~'] => absolument ['a', 'b', 's', 'O', 'l', 'y', 'm', 'a~'] Correct 0.0 <=>  (a=>a) (b=>b) (s=>s) (O=>O) (l=>l) (y=>y) (m=>m) (a~=>a~)
intéressant ['e~', 't', 'e', 'R', 'e', 's', 'a~', 's'] => intéressant ['e~', 't', 'e', 'R', 'e', 's', 'a~'] Correct 2.3 <=>  (e~=>e~) (t=>t) (e=>e) (R=>R) (e=>e) (s=>s) (a~=>a~) (s=>)
dominicaine ['d', 'O', 'm', 'i', 'n', 'i', 'k', 'E', 'n'] => dominicaine ['d', 'O', 'm', 'i', 'n', 'i', 'k', 'E', 'n'] Correct 0.0 <=>  (d=>d) (O=>O) (m=>m) (i=>i) (n=>n) (i=>i) (k=>k) (E=>E) (n=>n)
dominicaine ['O', 'm', 'i', 'n', 'i', 'k', 'E', 'n', 'i'] => dominicaine ['d', 'O', 'm', 'i', 'n', 'i', 'k', 'E', 'n'] Correct 3.3 <=>  (=>d) (O=>O) (m=>m) (i=>i) (n=>n) (i=>i) (k=>k) (E=>E) (n=>n) (i=>)
dominicaine ['@', 'w', 'i', 'k', 'E', 'n', 'd'] => dominicaine ['d', 'O', 'm', 'i', 'n', 'i', 'k', 'E', 'n'] Correct 11.9 <=>  (=>d) (=>O) (=>m) (@=>i) (w=>n) (i=>i) (k=>k) (E=>E) (n=>n) (d=>)
dominicaine ['@', 'n', 'i', 'k', 'E', 'n'] => dominicaine ['d', 'O', 'm', 'i', 'n', 'i', 'k', 'E', 'n'] Correct 6.3 <=>  (=>d) (=>O) (=>m) (@=>i) (n=>n) (i=>i) (k=>k) (E=>E) (n=>n)
dominicaine ['d', 'O', 'm', 'i', 'n', 'i', 'k', 'E', 'n'] => dominicaine ['d', 'O', 'm', 'i', 'n', 'i', 'k', 'E', 'n'] Correct 0.0 <=>  (d=>d) (O=>O) (m=>m) (i=>i) (n=>n) (i=>i) (k=>k) (E=>E) (n=>n)
américains ['a', 'm', 'E', 'R', 'i', 'k', 'e~', 't'] => américains ['a', 'm', 'E', 'R', 'i', 'k', 'e~'] Correct 2.3 <=>  (a=>a) (m=>m) (E=>E) (R=>R) (i=>i) (k=>k) (e~=>e~) (t=>)
américains ['m', 'E', 'R', 'i', 'k', 'e~'] => américains ['a', 'm', 'E', 'R', 'i', 'k', 'e~'] Correct 1.0 <=>  (=>a) (m=>m) (E=>E) (R=>R) (i=>i) (k=>k) (e~=>e~)
américain ['a', 'm', 'E', 'R', 'i', 'k', 'e~'] => américains ['a', 'm', 'E', 'R', 'i', 'k', 'e~'] Erreur 0.0 <=>  (a=>a) (m=>m) (E=>E) (R=>R) (i=>i) (k=>k) (e~=>e~)
américain ['a', 'm', 'E', 'R', 'i', 'k', 'e~'] => américains ['a', 'm', 'E', 'R', 'i', 'k', 'e~'] Erreur 0.0 <=>  (a=>a) (m=>m) (E=>E) (R=>R) (i=>i) (k=>k) (e~=>e~)
américain ['m', 'E', 'R', 'i', 'k', 'e~', 'o~'] => américains ['a', 'm', 'E', 'R', 'i', 'k', 'e~'] Erreur 3.3 <=>  (=>a) (m=>m) (E=>E) (R=>R) (i=>i) (k=>k) (e~=>e~) (o~=>)
etats-unis ['e', 't', 'a', 'z', 'y', 'n', 'i'] => etats-unis ['E', 't', 'a', 'y', 'n', 'i'] Correct 5.6 <=>  (e=>E) (t=>t) (a=>a) (z=>) (y=>y) (n=>n) (i=>i)
économique ['e', 'k', 'O', 'n', 'O', 'm', 'i', 'k'] => économique ['e', 'k', 'O', 'n', 'O', 'm', 'i', 'k'] Correct 0.0 <=>  (e=>e) (k=>k) (O=>O) (n=>n) (O=>O) (m=>m) (i=>i) (k=>k)
absolument ['b', 's', 'O', 'l', 'y', 'm', 'a~'] => absolument ['a', 'b', 's', 'O', 'l', 'y', 'm', 'a~'] Correct 1.0 <=>  (=>a) (b=>b) (s=>s) (O=>O) (l=>l) (y=>y) (m=>m) (a~=>a~)
dominicaine ['O', 'm', 'i', 'n', 'i', 'k', 'E', 'n'] => dominicaine ['d', 'O', 'm', 'i', 'n', 'i', 'k', 'E', 'n'] Correct 1.0 <=>  (=>d) (O=>O) (m=>m) (i=>i) (n=>n) (i=>i) (k=>k) (E=>E) (n=>n)
américains ['m', 'E', 'R', 'i', 'k', 'e~'] => américains ['a', 'm', 'E', 'R', 'i', 'k', 'e~'] Correct 1.0 <=>  (=>a) (m=>m) (E=>E) (R=>R) (i=>i) (k=>k) (e~=>e~)
dominicaine ['d', 'O', 'm', 'i', 'n', 'i', 'k', 'E', 'n'] => dominicaine ['d', 'O', 'm', 'i', 'n', 'i', 'k', 'E', 'n'] Correct 0.0 <=>  (d=>d) (O=>O) (m=>m) (i=>i) (n=>n) (i=>i) (k=>k) (E=>E) (n=>n)
dominicaine ['d', 'O', 'm', 'i', 'n', 'i', 'k', 'E', 'n'] => dominicaine ['d', 'O', 'm', 'i', 'n', 'i', 'k', 'E', 'n'] Correct 0.0 <=>  (d=>d) (O=>O) (m=>m) (i=>i) (n=>n) (i=>i) (k=>k) (E=>E) (n=>n)
dominicaine ['t', 'a', 'm', 'e', 'R', 'i', 'k', 'E', 'n'] => américains ['a', 'm', 'e', 'R', 'i', 'k', 'e~'] Erreur 8.8 <=>  (t=>) (a=>a) (m=>m) (e=>e) (R=>R) (i=>i) (k=>k) (E=>) (n=>e~)
dominicaine ['d', 'O', 'm', 'i', 'n', 'i', 'k', 'E', 'n'] => dominicaine ['d', 'O', 'm', 'i', 'n', 'i', 'k', 'E', 'n'] Correct 0.0 <=>  (d=>d) (O=>O) (m=>m) (i=>i) (n=>n) (i=>i) (k=>k) (E=>E) (n=>n)
dominicaine ['d', '@', 'n', 'i', 'k', 'E', 'n'] => dominicaine ['d', 'O', 'm', 'i', 'n', 'i', 'k', 'E', 'n'] Correct 8.6 <=>  (=>d) (=>O) (d=>m) (@=>i) (n=>n) (i=>i) (k=>k) (E=>E) (n=>n)
etats-unis ['e', 't', 'a', 'z', 'y', 'n', 'i'] => etats-unis ['E', 't', 'a', 'y', 'n', 'i'] Correct 5.6 <=>  (e=>E) (t=>t) (a=>a) (z=>) (y=>y) (n=>n) (i=>i)
littérature ['l', 'i', 'b', 'e', 'R', 'a', 't', '9', 'R'] => littérature ['l', 'i', 't', 'e', 'R', 'a', 't', 'y', 'R'] Correct 12.7 <=>  (l=>l) (i=>i) (b=>t) (e=>e) (R=>R) (a=>a) (t=>t) (9=>y) (R=>R)
situation ['s', 'i', 't', 'y', 'a', 's', 'j', 'o~'] => situation ['s', 'i', 't', 'y', 'a', 's', 'j', 'o~'] Correct 0.0 <=>  (s=>s) (i=>i) (t=>t) (y=>y) (a=>a) (s=>s) (j=>j) (o~=>o~)
situation ['s', 'i', 't', 'y', 'a', 's', 'j', 'o~'] => situation ['s', 'i', 't', 'y', 'a', 's', 'j', 'o~'] Correct 0.0 <=>  (s=>s) (i=>i) (t=>t) (y=>y) (a=>a) (s=>s) (j=>j) (o~=>o~)
absolument ['a', 'b', 's', 'O', 'l', 'y', 'm', 'a~'] => absolument ['a', 'b', 's', 'O', 'l', 'y', 'm', 'a~'] Correct 0.0 <=>  (a=>a) (b=>b) (s=>s) (O=>O) (l=>l) (y=>y) (m=>m) (a~=>a~)
particulièrement ['p', 'a', 'R', 't', 'i', 'k', 'y', 'l', 'j', 'e', 'R', 'm', 'a~'] => particulièrement ['p', 'a', 'R', 't', 'i', 'k', 'y', 'l', 'j', 'e', 'R', 'm', 'a~'] Correct 0.0 <=>  (p=>p) (a=>a) (R=>R) (t=>t) (i=>i) (k=>k) (y=>y) (l=>l) (j=>j) (e=>e) (R=>R) (m=>m) (a~=>a~)
intéresser ['e~', 't', 'e', 'R', 'e', 's', 'e'] => intéressé ['e~', 't', 'e', 'R', 'e', 's', 'e'] Erreur 0.0 <=>  (e~=>e~) (t=>t) (e=>e) (R=>R) (e=>e) (s=>s) (e=>e)
intéresser ['e~', 't', 'e', 'R', 'E', 's', '@'] => intéressé ['e~', 't', 'e', 'R', 'e', 's', 'e'] Erreur 5.8 <=>  (e~=>e~) (t=>t) (e=>e) (R=>R) (E=>e) (s=>s) (@=>e)
intéressant ['e~', 't', 'e', 'R', 'e', 's', 'a~'] => intéressant ['e~', 't', 'e', 'R', 'e', 's', 'a~'] Correct 0.0 <=>  (e~=>e~) (t=>t) (e=>e) (R=>R) (e=>e) (s=>s) (a~=>a~)
absolument ['b', 's', 'O', 'l', 'y', 'm', 'a~'] => absolument ['a', 'b', 's', 'O', 'l', 'y', 'm', 'a~'] Correct 1.0 <=>  (=>a) (b=>b) (s=>s) (O=>O) (l=>l) (y=>y) (m=>m) (a~=>a~)
littérature ['l', 'i', 't', 'e', 'R', 'a', 't', 'y', 'R'] => littérature ['l', 'i', 't', 'e', 'R', 'a', 't', 'y', 'R'] Correct 0.0 <=>  (l=>l) (i=>i) (t=>t) (e=>e) (R=>R) (a=>a) (t=>t) (y=>y) (R=>R)
littérature ['l', 'i', 't', 'e', 'R', 'a', 't', 'y', 'R'] => littérature ['l', 'i', 't', 'e', 'R', 'a', 't', 'y', 'R'] Correct 0.0 <=>  (l=>l) (i=>i) (t=>t) (e=>e) (R=>R) (a=>a) (t=>t) (y=>y) (R=>R)
incontinence ['e~', 'k', 'o~', 't', 'i', 'n', 'a~', 's', '@'] => incontinence ['e~', 'k', 'o~', 't', 'i', 'n', 'a~', 's'] Correct 2.3 <=>  (e~=>e~) (k=>k) (o~=>o~) (t=>t) (i=>i) (n=>n) (a~=>a~) (s=>s) (@=>)
incontinence ['e~', 'k', 'o~', 't', 'i', 'n', 'a~', 's'] => incontinence ['e~', 'k', 'o~', 't', 'i', 'n', 'a~', 's'] Correct 0.0 <=>  (e~=>e~) (k=>k) (o~=>o~) (t=>t) (i=>i) (n=>n) (a~=>a~) (s=>s)
incontinence ['e~', 'k', 'o~', 't', 'i', 'n', 'a~', 's'] => incontinence ['e~', 'k', 'o~', 't', 'i', 'n', 'a~', 's'] Correct 0.0 <=>  (e~=>e~) (k=>k) (o~=>o~) (t=>t) (i=>i) (n=>n) (a~=>a~) (s=>s)
incontinence ['a', 'k', 'o', 't', 'd', 'a~', 's'] => incontinence ['e~', 'k', 'o~', 't', 'i', 'n', 'a~', 's'] Correct 17.5 <=>  (a=>e~) (k=>k) (o=>o~) (t=>t) (d=>i) (=>n) (a~=>a~) (s=>s)
incontinence ['e~', 'k', 'o~', 't', 'i', 'n', 'a~', 's', 'v'] => incontinence ['e~', 'k', 'o~', 't', 'i', 'n', 'a~', 's'] Correct 2.3 <=>  (e~=>e~) (k=>k) (o~=>o~) (t=>t) (i=>i) (n=>n) (a~=>a~) (s=>s) (v=>)
incontinence ['e~', 'k', 'o~', 't', 'i', 'n', 'a~', 's'] => incontinence ['e~', 'k', 'o~', 't', 'i', 'n', 'a~', 's'] Correct 0.0 <=>  (e~=>e~) (k=>k) (o~=>o~) (t=>t) (i=>i) (n=>n) (a~=>a~) (s=>s)
télévision ['e', 'R', 'e', 'v', 'i', 'z', 'j'] => télévision ['t', 'e', 'l', 'e', 'v', 'i', 'z', 'j', 'o~'] Correct 12.0 <=>  (=>t) (=>e) (=>l) (e=>e) (R=>) (e=>) (v=>v) (i=>i) (z=>z) (j=>j) (=>o~)
télévision ['t', 'E', 'l', 'E', 'v', 'i', 'z', 'j', 'o~'] => télévision ['t', 'E', 'l', 'E', 'v', 'i', 'z', 'j', 'o~'] Correct 0.0 <=>  (t=>t) (E=>E) (l=>l) (E=>E) (v=>v) (i=>i) (z=>z) (j=>j) (o~=>o~)
intéressant ['t', 'e', 'R', 'e', 's', 'a~', 's'] => intéressant ['e~', 't', 'e', 'R', 'e', 's', 'a~'] Correct 3.3 <=>  (=>e~) (t=>t) (e=>e) (R=>R) (e=>e) (s=>s) (a~=>a~) (s=>)
littérature ['l', 'i', 't', 'e', 'R', 'a', 't', 'y', 'R'] => littérature ['l', 'i', 't', 'e', 'R', 'a', 't', 'y', 'R'] Correct 0.0 <=>  (l=>l) (i=>i) (t=>t) (e=>e) (R=>R) (a=>a) (t=>t) (y=>y) (R=>R)
intéressant ['e~', 't', 'e', 'R', 'e', 's', 'a~'] => intéressant ['e~', 't', 'e', 'R', 'e', 's', 'a~'] Correct 0.0 <=>  (e~=>e~) (t=>t) (e=>e) (R=>R) (e=>e) (s=>s) (a~=>a~)
intéressant ['t', 'e', 'R', 'e', 's', 'a~'] => intéressant ['e~', 't', 'e', 'R', 'e', 's', 'a~'] Correct 1.0 <=>  (=>e~) (t=>t) (e=>e) (R=>R) (e=>e) (s=>s) (a~=>a~)
énormément ['e', 'n', 'o', 'R', 'm', 'e', 'm', 'a~'] => énormément ['e', 'n', 'o', 'R', 'm', 'e', 'm', 'a~'] Correct 0.0 <=>  (e=>e) (n=>n) (o=>o) (R=>R) (m=>m) (e=>e) (m=>m) (a~=>a~)
effectivement ['e', 'f', 'E', 'k', 't', 'i', 'v', 'm', 'a~', 'd'] => effectivement ['e', 'f', 'E', 'k', 't', 'i', 'v', 'm', 'a~'] Correct 2.3 <=>  (e=>e) (f=>f) (E=>E) (k=>k) (t=>t) (i=>i) (v=>v) (m=>m) (a~=>a~) (d=>)
absolument ['a', 'b', 's', 'O', 'l', 'y', 'm', 'a~'] => absolument ['a', 'b', 's', 'O', 'l', 'y', 'm', 'a~'] Correct 0.0 <=>  (a=>a) (b=>b) (s=>s) (O=>O) (l=>l) (y=>y) (m=>m) (a~=>a~)
intéressant ['e~', 't', 'e', 'R', 'e', 's', 'a~'] => intéressant ['e~', 't', 'e', 'R', 'e', 's', 'a~'] Correct 0.0 <=>  (e~=>e~) (t=>t) (e=>e) (R=>R) (e=>e) (s=>s) (a~=>a~)
association ['a', 's', 'O', 's', 'j', 'a', 's', 'j', 'o~'] => association ['a', 's', 'O', 's', 'j', 'a', 's', 'j', 'o~'] Correct 0.0 <=>  (a=>a) (s=>s) (O=>O) (s=>s) (j=>j) (a=>a) (s=>s) (j=>j) (o~=>o~)
association ['a', 's', 'O', 's', 'j', 'a', 's', 'j', 'o~', 'a~'] => association ['a', 's', 'O', 's', 'j', 'a', 's', 'j', 'o~'] Correct 2.3 <=>  (a=>a) (s=>s) (O=>O) (s=>s) (j=>j) (a=>a) (s=>s) (j=>j) (o~=>o~) (a~=>)
effectivement ['e', 'f', 'E', 'k', 't', 'i', 'v', 'm', 'a~', 't'] => effectivement ['e', 'f', 'E', 'k', 't', 'i', 'v', 'm', 'a~', 't'] Correct 0.0 <=>  (e=>e) (f=>f) (E=>E) (k=>k) (t=>t) (i=>i) (v=>v) (m=>m) (a~=>a~) (t=>t)
absolument ['t', 'i', 'l', 'm', 'a~'] => effectivement ['e', 'f', 'E', 'k', 't', 'i', 'v', 'm', 'a~'] Erreur 9.1 <=>  (=>e) (=>f) (=>E) (=>k) (t=>t) (i=>i) (l=>v) (m=>m) (a~=>a~)
absolument ['a', 'b', 's', 'y', 'R', 'm', 'a~'] => évidemment ['e', 'v', 'i', 'd', 'a', 'm', 'a~'] Erreur 13.2 <=>  (=>e) (=>v) (=>i) (=>d) (a=>a) (b=>) (s=>) (y=>) (R=>) (m=>m) (a~=>a~)
absolument ['t', '@', 'm', 'a~'] => effectivement ['e', 'f', 'E', 'k', 't', 'i', 'v', '@', 'm', 'a~'] Erreur 9.3 <=>  (=>e) (=>f) (=>E) (=>k) (=>t) (=>i) (t=>v) (@=>@) (m=>m) (a~=>a~)
absolument ['a', 'b', 's', 'O', 'l', 'y', 'm', 'a~'] => absolument ['a', 'b', 's', 'O', 'l', 'y', 'm', 'a~'] Correct 0.0 <=>  (a=>a) (b=>b) (s=>s) (O=>O) (l=>l) (y=>y) (m=>m) (a~=>a~)
américain ['m', 'E', 'R', 'i', 'k'] => américains ['a', 'm', 'E', 'R', 'i', 'k', 'e~'] Erreur 6.6 <=>  (=>a) (m=>m) (E=>E) (R=>R) (i=>i) (k=>k) (=>e~)
littérature ['p', 'j', 'E', 'R', 's', 'y', 'R'] => intéresser ['e~', 't', 'e', 'R', 'e', 's', 'e', 'R'] Erreur 17.0 <=>  (p=>e~) (j=>t) (E=>e) (R=>R) (=>e) (s=>s) (y=>e) (R=>R)
effectivement ['e', 'f', 'E', 'k', 't', 'i', 'v', 'm', 'a~', 'd'] => effectivement ['e', 'f', 'E', 'k', 't', 'i', 'v', 'm', 'a~'] Correct 2.3 <=>  (e=>e) (f=>f) (E=>E) (k=>k) (t=>t) (i=>i) (v=>v) (m=>m) (a~=>a~) (d=>)
évolution ['e', 'v', 'O', 'l', 'y', 's', 'j', 'o~', 'd'] => évolution ['e', 'v', 'O', 'l', 'y', 's', 'j', 'o~'] Correct 2.3 <=>  (e=>e) (v=>v) (O=>O) (l=>l) (y=>y) (s=>s) (j=>j) (o~=>o~) (d=>)
intéressant ['e~', 't', 'e', 'R', 'E', 's', 'p', 'a'] => intéressé ['e~', 't', 'e', 'R', 'e', 's', 'e'] Erreur 9.0 <=>  (e~=>e~) (t=>t) (e=>e) (R=>R) (E=>e) (s=>s) (p=>) (a=>e)
évolution ['e', 'v', 'O', 'l', 'y', 's', 'j', 'o~'] => évolution ['e', 'v', 'O', 'l', 'y', 's', 'j', 'o~'] Correct 0.0 <=>  (e=>e) (v=>v) (O=>O) (l=>l) (y=>y) (s=>s) (j=>j) (o~=>o~)
absolument ['a', 's', 'i', 'l', 'm', 'a~'] => évidemment ['e', 'v', 'i', 'd', 'a', 'm', 'a~'] Erreur 10.9 <=>  (=>e) (=>v) (=>i) (=>d) (a=>a) (s=>) (i=>) (l=>) (m=>m) (a~=>a~)
invalidité ['a', 'v', 'a', 'l', 'i', 'd', 'i', 't', 'e'] => invalidité ['e~', 'v', 'a', 'l', 'i', 'd', 'i', 't', 'e'] Correct 3.3 <=>  (a=>e~) (v=>v) (a=>a) (l=>l) (i=>i) (d=>d) (i=>i) (t=>t) (e=>e)
absolument ['g', 'R', 'a~'] => évidemment ['e', 'v', 'i', 'd', 'a', 'm', 'a~'] Erreur 10.6 <=>  (=>e) (=>v) (=>i) (=>d) (g=>a) (R=>m) (a~=>a~)
énormément ['n', 'a~', 'e~', 'm', 'O'] => environnement ['a~', 'v', 'i', 'R', 'O', 'n', 'm', 'a~'] Erreur 15.1 <=>  (=>a~) (=>v) (=>i) (=>R) (=>O) (n=>n) (a~=>) (e~=>) (m=>m) (O=>a~)
effectivement ['f', 'E', 'k', 't', 'i', 'v', 'm', 'a~'] => effectivement ['e', 'f', 'E', 'k', 't', 'i', 'v', 'm', 'a~'] Correct 1.0 <=>  (=>e) (f=>f) (E=>E) (k=>k) (t=>t) (i=>i) (v=>v) (m=>m) (a~=>a~)
effectivement ['e', 'f', 'E', 'k', 't', 'i', 'v', 'm', 'a~'] => effectivement ['e', 'f', 'E', 'k', 't', 'i', 'v', 'm', 'a~'] Correct 0.0 <=>  (e=>e) (f=>f) (E=>E) (k=>k) (t=>t) (i=>i) (v=>v) (m=>m) (a~=>a~)
absolument ['a', 'b', 's', 'O', 'l', 'y', 'm', 'a~', 'd'] => absolument ['a', 'b', 's', 'O', 'l', 'y', 'm', 'a~'] Correct 2.3 <=>  (a=>a) (b=>b) (s=>s) (O=>O) (l=>l) (y=>y) (m=>m) (a~=>a~) (d=>)
absolument ['b', 's', 'O', 'l', 'y', 'm', 'a~'] => absolument ['a', 'b', 's', 'O', 'l', 'y', 'm', 'a~'] Correct 1.0 <=>  (=>a) (b=>b) (s=>s) (O=>O) (l=>l) (y=>y) (m=>m) (a~=>a~)
énormément ['n', 'o', 'R', 'm', 'e', 'm', 'a~'] => énormément ['e', 'n', 'o', 'R', 'm', 'e', 'm', 'a~'] Correct 1.0 <=>  (=>e) (n=>n) (o=>o) (R=>R) (m=>m) (e=>e) (m=>m) (a~=>a~)
énormément ['n', 'o', 'R', 'm', 'e', 'm', 'a~', 'd'] => énormément ['e', 'n', 'o', 'R', 'm', 'e', 'm', 'a~'] Correct 3.3 <=>  (=>e) (n=>n) (o=>o) (R=>R) (m=>m) (e=>e) (m=>m) (a~=>a~) (d=>)
absolument ['b', 's', 'O', 'l', 'y', 'm', 'a~'] => absolument ['a', 'b', 's', 'O', 'l', 'y', 'm', 'a~'] Correct 1.0 <=>  (=>a) (b=>b) (s=>s) (O=>O) (l=>l) (y=>y) (m=>m) (a~=>a~)
évidemment ['v', 'i', 'd', 'a', 'm', 'a~'] => évidemment ['e', 'v', 'i', 'd', 'a', 'm', 'a~'] Correct 1.0 <=>  (=>e) (v=>v) (i=>i) (d=>d) (a=>a) (m=>m) (a~=>a~)
énormément ['e', 'n', 'o', 'R', 'm', 'e', 'm', 'a~'] => énormément ['e', 'n', 'o', 'R', 'm', 'e', 'm', 'a~'] Correct 0.0 <=>  (e=>e) (n=>n) (o=>o) (R=>R) (m=>m) (e=>e) (m=>m) (a~=>a~)
franceinter.com ['f', 'R', 'a~', 's', 'e~', 't', 'E', 'R', 'p', 'w', 'e~', 'k', 'o', 'm', '@'] => franceinter.com ['f', 'R', 'a~', 's', 'e~', 't', 'e', 'p', 'w', 'e~', 'k', 'o', 'm'] Correct 7.0 <=>  (f=>f) (R=>R) (a~=>a~) (s=>s) (e~=>e~) (t=>t) (E=>) (R=>e) (p=>p) (w=>w) (e~=>e~) (k=>k) (o=>o) (m=>m) (@=>)
évidemment ['v', 'i', 'd', 'a', 'm', 'a~'] => évidemment ['e', 'v', 'i', 'd', 'a', 'm', 'a~'] Correct 1.0 <=>  (=>e) (v=>v) (i=>i) (d=>d) (a=>a) (m=>m) (a~=>a~)
informations ['e~', 'f', 'o', 'R', 'm', 'a', 's', 'j', 'o~'] => information ['e~', 'f', 'o', 'R', 'm', 'a', 's', 'j', 'o~'] Erreur 0.0 <=>  (e~=>e~) (f=>f) (o=>o) (R=>R) (m=>m) (a=>a) (s=>s) (j=>j) (o~=>o~)
présidentielle ['p', 'R', 'e', 'z', 'i', 'd', 'a~', 's', 'j', 'E', 'l', 'e'] => présidentielle ['p', 'R', 'e', 'z', 'i', 'd', 'a~', 's', 'j', 'E', 'l'] Correct 2.3 <=>  (p=>p) (R=>R) (e=>e) (z=>z) (i=>i) (d=>d) (a~=>a~) (s=>s) (j=>j) (E=>E) (l=>l) (e=>)
etats-unis ['e', 't', 'a', 'z', 'y', 'n', 'i', 'l'] => etats-unis ['E', 't', 'a', 'y', 'n', 'i'] Correct 7.9 <=>  (e=>E) (t=>t) (a=>a) (z=>) (y=>y) (n=>n) (i=>i) (l=>)
effectivement ['f', 'E', 'k', 't', 'i', 'v', 'm', 'a~'] => effectivement ['e', 'f', 'E', 'k', 't', 'i', 'v', 'm', 'a~'] Correct 1.0 <=>  (=>e) (f=>f) (E=>E) (k=>k) (t=>t) (i=>i) (v=>v) (m=>m) (a~=>a~)
effectivement ['f', 'E', 'k', 't', 'i', 'v', 'm', 'a~', 't'] => effectivement ['e', 'f', 'E', 'k', 't', 'i', 'v', 'm', 'a~', 't'] Correct 1.0 <=>  (=>e) (f=>f) (E=>E) (k=>k) (t=>t) (i=>i) (v=>v) (m=>m) (a~=>a~) (t=>t)
littérature ['l', 'i', 't', 'e', 'R', 'a', 't', 'y', 'R'] => littérature ['l', 'i', 't', 'e', 'R', 'a', 't', 'y', 'R'] Correct 0.0 <=>  (l=>l) (i=>i) (t=>t) (e=>e) (R=>R) (a=>a) (t=>t) (y=>y) (R=>R)
précisément ['p', 'R', 'e', 's', 'i', 'z', 'e', 'm', 'a~', 'l'] => précisément ['p', 'R', 'e', 's', 'i', 'z', 'e', 'm', 'a~'] Correct 2.3 <=>  (p=>p) (R=>R) (e=>e) (s=>s) (i=>i) (z=>z) (e=>e) (m=>m) (a~=>a~) (l=>)
après-midi ['a', 'p', 'R', 'e', 'm', 'i', 'd', 'i'] => après-midi ['a', 'p', 'R', 'e', 'm', 'i', 'd', 'i'] Correct 0.0 <=>  (a=>a) (p=>p) (R=>R) (e=>e) (m=>m) (i=>i) (d=>d) (i=>i)
mobilisation ['m', 'O', 'b', 'i', 'l', 'i', 'z', 'a', 's', 'j', 'o~'] => mobilisation ['m', 'O', 'b', 'i', 'l', 'i', 'z', 'a', 's', 'j', 'o~'] Correct 0.0 <=>  (m=>m) (O=>O) (b=>b) (i=>i) (l=>l) (i=>i) (z=>z) (a=>a) (s=>s) (j=>j) (o~=>o~)
activité ['a', 'k', 't', 'i', 'v', 'i', 't', 'e'] => activité ['a', 'k', 't', 'i', 'v', 'i', 't', 'e'] Correct 0.0 <=>  (a=>a) (k=>k) (t=>t) (i=>i) (v=>v) (i=>i) (t=>t) (e=>e)
effectivement ['e', 'f', 'E', 'k', 't', 'i', 'v', 'm', 'a~'] => effectivement ['e', 'f', 'E', 'k', 't', 'i', 'v', 'm', 'a~'] Correct 0.0 <=>  (e=>e) (f=>f) (E=>E) (k=>k) (t=>t) (i=>i) (v=>v) (m=>m) (a~=>a~)
agriculture ['a', 'g', 'R', 'i', 'k', 'y', 'l', 't', 'y', 'R'] => agriculture ['a', 'g', 'R', 'i', 'k', 'y', 'l', 't', 'y', 'R'] Correct 0.0 <=>  (a=>a) (g=>g) (R=>R) (i=>i) (k=>k) (y=>y) (l=>l) (t=>t) (y=>y) (R=>R)
économie ['e', 'k', 'O', 'n', 'O', 'm', 'i', 'k'] => économique ['e', 'k', 'O', 'n', 'O', 'm', 'i', 'k'] Erreur 0.0 <=>  (e=>e) (k=>k) (O=>O) (n=>n) (O=>O) (m=>m) (i=>i) (k=>k)
environnement ['a~', 'v', 'i', 'R', 'O', 'n', '@', 'm', 'a~'] => environnement ['a~', 'v', 'i', 'R', 'O', 'n', 'm', 'a~'] Correct 2.3 <=>  (a~=>a~) (v=>v) (i=>i) (R=>R) (O=>O) (n=>n) (@=>) (m=>m) (a~=>a~)
sécurité ['s', 'E', 'k', 'y', 'R', 'i', 't', 'e'] => sécurité ['s', 'E', 'k', 'y', 'R', 'i', 't', 'e'] Correct 0.0 <=>  (s=>s) (E=>E) (k=>k) (y=>y) (R=>R) (i=>i) (t=>t) (e=>e)
effectivement ['E', 'k', 't', 'i', 'v', 'm', 'a~'] => effectivement ['e', 'f', 'E', 'k', 't', 'i', 'v', 'm', 'a~'] Correct 2.0 <=>  (=>e) (=>f) (E=>E) (k=>k) (t=>t) (i=>i) (v=>v) (m=>m) (a~=>a~)
actuellement ['a', 'k', 't', 'y', 'e', 'l', 'm', 'a~'] => actuellement ['a', 'k', 't', 'y', 'e', 'l', 'm', 'a~'] Correct 0.0 <=>  (a=>a) (k=>k) (t=>t) (y=>y) (e=>e) (l=>l) (m=>m) (a~=>a~)
actuellement ['k', 't', 'y', 'e', 'l', '@', 'm', 'a~'] => actuellement ['a', 'k', 't', 'y', 'e', 'l', 'm', 'a~'] Correct 3.3 <=>  (=>a) (k=>k) (t=>t) (y=>y) (e=>e) (l=>l) (@=>) (m=>m) (a~=>a~)
actuellement ['k', 't', 'y', 'e', 'l', '@', 'm', 'a~'] => actuellement ['a', 'k', 't', 'y', 'e', 'l', 'm', 'a~'] Correct 3.3 <=>  (=>a) (k=>k) (t=>t) (y=>y) (e=>e) (l=>l) (@=>) (m=>m) (a~=>a~)
particulier ['p', 'a', 'R', 't', 'i', 'k', 'y', 'l', 'j', 'e'] => particulier ['p', 'a', 'R', 't', 'i', 'k', 'y', 'l', 'j', 'e'] Correct 0.0 <=>  (p=>p) (a=>a) (R=>R) (t=>t) (i=>i) (k=>k) (y=>y) (l=>l) (j=>j) (e=>e)
franceinter.com ['f', 'R', 'a~', 's', 'e~', 't', 'E', 'R', 'p', 'w', 'e~', 'k', 'o', 'm'] => franceinter.com ['f', 'R', 'a~', 's', 'e~', 't', 'e', 'p', 'w', 'e~', 'k', 'o', 'm'] Correct 4.7 <=>  (f=>f) (R=>R) (a~=>a~) (s=>s) (e~=>e~) (t=>t) (E=>) (R=>e) (p=>p) (w=>w) (e~=>e~) (k=>k) (o=>o) (m=>m)
absolument ['b', 's', 'O', 'l', 'y', 'm', 'a~'] => absolument ['a', 'b', 's', 'O', 'l', 'y', 'm', 'a~'] Correct 1.0 <=>  (=>a) (b=>b) (s=>s) (O=>O) (l=>l) (y=>y) (m=>m) (a~=>a~)
actuellement [''] => etats-unis ['E', 't', 'a', 'y', 'n', 'i'] Erreur 8.3 <=>  (=>E) (=>t) (=>a) (=>y) (=>n) (=>i)
franceinter.com ['f', 'R', 'a~', 's', 'e~', 't', 'E', 'R', 'p', 'w', 'e~', 'k', 'o', 'm'] => franceinter.com ['f', 'R', 'a~', 's', 'e~', 't', 'e', 'p', 'w', 'e~', 'k', 'o', 'm'] Correct 4.7 <=>  (f=>f) (R=>R) (a~=>a~) (s=>s) (e~=>e~) (t=>t) (E=>) (R=>e) (p=>p) (w=>w) (e~=>e~) (k=>k) (o=>o) (m=>m)
opposition ['O', 'p', 'O', 'z', 'i', 's', 'j', 'o~'] => opposition ['O', 'p', 'O', 'z', 'i', 's', 'j', 'o~'] Correct 0.0 <=>  (O=>O) (p=>p) (O=>O) (z=>z) (i=>i) (s=>s) (j=>j) (o~=>o~)
continuer ['k', 'o~', 't', 'i', 'n', 'y', 'e'] => continuer ['k', 'o~', 't', 'i', 'n', 'y', 'e'] Correct 0.0 <=>  (k=>k) (o~=>o~) (t=>t) (i=>i) (n=>n) (y=>y) (e=>e)
franceinter.com ['f', 'R', 'a~', 's', 'e~', 't', 'E', 'R', 'p', 'w', 'e~', 'k', 'o', 'm'] => franceinter.com ['f', 'R', 'a~', 's', 'e~', 't', 'e', 'p', 'w', 'e~', 'k', 'o', 'm'] Correct 4.7 <=>  (f=>f) (R=>R) (a~=>a~) (s=>s) (e~=>e~) (t=>t) (E=>) (R=>e) (p=>p) (w=>w) (e~=>e~) (k=>k) (o=>o) (m=>m)
intéressé ['e~', 't', 'e', 'R', 'e', 's', 'e'] => intéressé ['e~', 't', 'e', 'R', 'e', 's', 'e'] Correct 0.0 <=>  (e~=>e~) (t=>t) (e=>e) (R=>R) (e=>e) (s=>s) (e=>e)
situation ['s', 'i', 't', 'y', 'a', 's', 'j', 'o~'] => situation ['s', 'i', 't', 'y', 'a', 's', 'j', 'o~'] Correct 0.0 <=>  (s=>s) (i=>i) (t=>t) (y=>y) (a=>a) (s=>s) (j=>j) (o~=>o~)
incertitude ['e~', 's', 'E', 'R', 't', 'i', 't', 'y', 'd'] => incertitude ['e~', 's', 'E', 'R', 't', 'i', 't', 'y', 'd'] Correct 0.0 <=>  (e~=>e~) (s=>s) (E=>E) (R=>R) (t=>t) (i=>i) (t=>t) (y=>y) (d=>d)
application ['a', 'p', 'l', 'i', 'k', 'a', 's', 'j', 'o~'] => application ['a', 'p', 'l', 'i', 'k', 'a', 's', 'j', 'o~'] Correct 0.0 <=>  (a=>a) (p=>p) (l=>l) (i=>i) (k=>k) (a=>a) (s=>s) (j=>j) (o~=>o~)
effectivement ['e', 'f', 'E', 'k', 't', 'i', 'v', 'm', 'a~'] => effectivement ['e', 'f', 'E', 'k', 't', 'i', 'v', 'm', 'a~'] Correct 0.0 <=>  (e=>e) (f=>f) (E=>E) (k=>k) (t=>t) (i=>i) (v=>v) (m=>m) (a~=>a~)
activité ['a', 'k', 't', 'i', 'v', 'i', 't', 'e'] => activité ['a', 'k', 't', 'i', 'v', 'i', 't', 'e'] Correct 0.0 <=>  (a=>a) (k=>k) (t=>t) (i=>i) (v=>v) (i=>i) (t=>t) (e=>e)
précisément ['p', 'R', 'e', 's', 'i', 'z', 'e', 'm', 'a~'] => précisément ['p', 'R', 'e', 's', 'i', 'z', 'e', 'm', 'a~'] Correct 0.0 <=>  (p=>p) (R=>R) (e=>e) (s=>s) (i=>i) (z=>z) (e=>e) (m=>m) (a~=>a~)
circulation ['s', 'i', 'R', 'k', 'y', 'l', 'a', 's', 'j', 'o~'] => circulation ['s', 'i', 'R', 'k', 'y', 'l', 'a', 's', 'j', 'o~'] Correct 0.0 <=>  (s=>s) (i=>i) (R=>R) (k=>k) (y=>y) (l=>l) (a=>a) (s=>s) (j=>j) (o~=>o~)
environnement ['a~', 'v', 'i', 'R', 'O', 'n', '@', 'm', 'a~'] => environnement ['a~', 'v', 'i', 'R', 'O', 'n', 'm', 'a~'] Correct 2.3 <=>  (a~=>a~) (v=>v) (i=>i) (R=>R) (O=>O) (n=>n) (@=>) (m=>m) (a~=>a~)
activité ['a', 'k', 't', 'i', 'v', 'i', 't', 'e'] => activité ['a', 'k', 't', 'i', 'v', 'i', 't', 'e'] Correct 0.0 <=>  (a=>a) (k=>k) (t=>t) (i=>i) (v=>v) (i=>i) (t=>t) (e=>e)
environnement ['a~', 'v', 'i', 'R', 'O', 'n', '@', 'm', 'a~'] => environnement ['a~', 'v', 'i', 'R', 'O', 'n', 'm', 'a~'] Correct 2.3 <=>  (a~=>a~) (v=>v) (i=>i) (R=>R) (O=>O) (n=>n) (@=>) (m=>m) (a~=>a~)
actuellement ['a', 'k', 't', 'y', 'e', 'l', 'm', 'a~', 'l'] => actuellement ['a', 'k', 't', 'y', 'e', 'l', 'm', 'a~'] Correct 2.3 <=>  (a=>a) (k=>k) (t=>t) (y=>y) (e=>e) (l=>l) (m=>m) (a~=>a~) (l=>)
absolument ['b', 's', 'O', 'l', 'y', 'm', 'a~'] => absolument ['a', 'b', 's', 'O', 'l', 'y', 'm', 'a~'] Correct 1.0 <=>  (=>a) (b=>b) (s=>s) (O=>O) (l=>l) (y=>y) (m=>m) (a~=>a~)
adaptation ['a', 'd', 'a', 'p', 't', 'a', 's', 'j', 'o~'] => adaptation ['a', 'd', 'a', 'p', 't', 'a', 's', 'j', 'o~'] Correct 0.0 <=>  (a=>a) (d=>d) (a=>a) (p=>p) (t=>t) (a=>a) (s=>s) (j=>j) (o~=>o~)
sécurité ['s', 'E', 'k', 'y', 'R', 'i', 't', 'e'] => sécurité ['s', 'E', 'k', 'y', 'R', 'i', 't', 'e'] Correct 0.0 <=>  (s=>s) (E=>E) (k=>k) (y=>y) (R=>R) (i=>i) (t=>t) (e=>e)
économique ['e', 'k', 'O', 'n', 'O', 'm', 'i', 'k'] => économique ['e', 'k', 'O', 'n', 'O', 'm', 'i', 'k'] Correct 0.0 <=>  (e=>e) (k=>k) (O=>O) (n=>n) (O=>O) (m=>m) (i=>i) (k=>k)
intéresser ['d', '@', 'p', 'R', 'O', 'd', 'H', 'i', 'z', 'e', 'v', 'w'] => utiliser ['y', 't', 'i', 'l', 'i', 'z', 'e'] Erreur 24.7 <=>  (d=>) (@=>) (p=>) (R=>) (O=>y) (=>t) (d=>i) (H=>l) (i=>i) (z=>z) (e=>e) (v=>) (w=>)
adaptation ['a', 'd', 'a', 'p', 't', 'a', 's', 'j', 'o~'] => adaptation ['a', 'd', 'a', 'p', 't', 'a', 's', 'j', 'o~'] Correct 0.0 <=>  (a=>a) (d=>d) (a=>a) (p=>p) (t=>t) (a=>a) (s=>s) (j=>j) (o~=>o~)
application ['R', 'e', 'n', 'i', 't', 'e'] => autorité ['O', 't', 'O', 'R', 'i', 't', 'e'] Erreur 7.6 <=>  (=>O) (=>t) (=>O) (R=>R) (e=>) (n=>) (i=>i) (t=>t) (e=>e)
économiques ['k', 'O', 'n', 'O', 'm', 'i', 'k'] => économique ['e', 'k', 'O', 'n', 'O', 'm', 'i', 'k'] Erreur 1.0 <=>  (=>e) (k=>k) (O=>O) (n=>n) (O=>O) (m=>m) (i=>i) (k=>k)
intéressé ['e~', 't', 'e', 'R', 'e', 's', 'e'] => intéressé ['e~', 't', 'e', 'R', 'e', 's', 'e'] Correct 0.0 <=>  (e~=>e~) (t=>t) (e=>e) (R=>R) (e=>e) (s=>s) (e=>e)
intéressant ['e~', 't', 'e', 'R', 'e', 's', 'a~'] => intéressant ['e~', 't', 'e', 'R', 'e', 's', 'a~'] Correct 0.0 <=>  (e~=>e~) (t=>t) (e=>e) (R=>R) (e=>e) (s=>s) (a~=>a~)
évidemment ['e', 'v', 'i', 'd', 'a', 'm', 'a~'] => évidemment ['e', 'v', 'i', 'd', 'a', 'm', 'a~'] Correct 0.0 <=>  (e=>e) (v=>v) (i=>i) (d=>d) (a=>a) (m=>m) (a~=>a~)
excusez-moi ['e', 'z', 'm', 'w', 'a'] => excusez-moi ['E', 'k', 's', 'k', 'y', 'z', 'e', 'm', 'w', 'a'] Correct 8.3 <=>  (=>E) (=>k) (=>s) (=>k) (=>y) (=>z) (e=>e) (z=>) (m=>m) (w=>w) (a=>a)
situation ['i', 'f', 'j', 'e', 's', 'y', 'R'] => intéresser ['e~', 't', 'e', 'R', 'e', 's', 'e', 'R'] Erreur 14.5 <=>  (=>e~) (i=>t) (f=>e) (j=>R) (e=>e) (s=>s) (y=>e) (R=>R)
situation ['s', 'i', 't', 'y', 'a', 's', 'j', 'o~'] => situation ['s', 'i', 't', 'y', 'a', 's', 'j', 'o~'] Correct 0.0 <=>  (s=>s) (i=>i) (t=>t) (y=>y) (a=>a) (s=>s) (j=>j) (o~=>o~)
environnement ['d', 'R', 'd', 'y', 'R', '@', 'm', 'a~', 'p'] => évidemment ['e', 'v', 'i', 'd', 'a', 'm', 'a~'] Erreur 18.0 <=>  (=>e) (=>v) (=>i) (d=>d) (R=>) (d=>) (y=>) (R=>) (@=>a) (m=>m) (a~=>a~) (p=>)
opposition ['O', 'p', 'O', 'z', 'i', 's', 'j', 'o~'] => opposition ['O', 'p', 'O', 'z', 'i', 's', 'j', 'o~'] Correct 0.0 <=>  (O=>O) (p=>p) (O=>O) (z=>z) (i=>i) (s=>s) (j=>j) (o~=>o~)
intéressant ['e~', 't', 'e', 'R', 'e', 's', 'a~'] => intéressant ['e~', 't', 'e', 'R', 'e', 's', 'a~'] Correct 0.0 <=>  (e~=>e~) (t=>t) (e=>e) (R=>R) (e=>e) (s=>s) (a~=>a~)
situation ['s', 'i', 't', 'y', 'a', 's', 'j', 'o~'] => situation ['s', 'i', 't', 'y', 'a', 's', 'j', 'o~'] Correct 0.0 <=>  (s=>s) (i=>i) (t=>t) (y=>y) (a=>a) (s=>s) (j=>j) (o~=>o~)
incertitude ['e', 's', 'E', 'R', 't', 'i', 't', 'y', 'd'] => incertitude ['e~', 's', 'E', 'R', 't', 'i', 't', 'y', 'd'] Correct 3.3 <=>  (e=>e~) (s=>s) (E=>E) (R=>R) (t=>t) (i=>i) (t=>t) (y=>y) (d=>d)
situation ['s', 'i', 't', 'y', 'a', 's', 'j', 'o~', 'd'] => situation ['s', 'i', 't', 'y', 'a', 's', 'j', 'o~'] Correct 2.3 <=>  (s=>s) (i=>i) (t=>t) (y=>y) (a=>a) (s=>s) (j=>j) (o~=>o~) (d=>)
économique ['k', 'O', 'n', 'O', 'm', 'i', 'k', 'R'] => économique ['e', 'k', 'O', 'n', 'O', 'm', 'i', 'k'] Correct 3.3 <=>  (=>e) (k=>k) (O=>O) (n=>n) (O=>O) (m=>m) (i=>i) (k=>k) (R=>)
situation ['s', 'i', 't', 'y', 'a', 's', 'j', 'o~'] => situation ['s', 'i', 't', 'y', 'a', 's', 'j', 'o~'] Correct 0.0 <=>  (s=>s) (i=>i) (t=>t) (y=>y) (a=>a) (s=>s) (j=>j) (o~=>o~)
application ['a', 'p', 'l', 'i', 'k', 'a', 's', 'j', 'o~'] => application ['a', 'p', 'l', 'i', 'k', 'a', 's', 'j', 'o~'] Correct 0.0 <=>  (a=>a) (p=>p) (l=>l) (i=>i) (k=>k) (a=>a) (s=>s) (j=>j) (o~=>o~)
économique ['e', 'k', 'O', 'n', 'O', 'm', 'i'] => économie ['e', 'k', 'O', 'n', 'O', 'm', 'i'] Erreur 0.0 <=>  (e=>e) (k=>k) (O=>O) (n=>n) (O=>O) (m=>m) (i=>i)
sécurité ['s', 'e', 'k', 'y', 'R', 'i', 't', 'e'] => sécurité ['s', 'e', 'k', 'y', 'R', 'i', 't', 'e'] Correct 0.0 <=>  (s=>s) (e=>e) (k=>k) (y=>y) (R=>R) (i=>i) (t=>t) (e=>e)
évidemment ['e', 'v', 'i', 'd', 'a', 'm', 'a~'] => évidemment ['e', 'v', 'i', 'd', 'a', 'm', 'a~'] Correct 0.0 <=>  (e=>e) (v=>v) (i=>i) (d=>d) (a=>a) (m=>m) (a~=>a~)
absolument ['a', 'b', 's', 'O', 'l', 'y', 'm'] => absolument ['a', 'b', 's', 'O', 'l', 'y', 'm', 'a~'] Correct 6.6 <=>  (a=>a) (b=>b) (s=>s) (O=>O) (l=>l) (y=>y) (m=>m) (=>a~)
continuer ['k', 'o~', 't', 'i', 'n', 'y', 'e'] => continuer ['k', 'o~', 't', 'i', 'n', 'y', 'e'] Correct 0.0 <=>  (k=>k) (o~=>o~) (t=>t) (i=>i) (n=>n) (y=>y) (e=>e)
effectivement ['e', 'f', 'E', 'k', 't', 'i', 'v', 'm', 'a~'] => effectivement ['e', 'f', 'E', 'k', 't', 'i', 'v', 'm', 'a~'] Correct 0.0 <=>  (e=>e) (f=>f) (E=>E) (k=>k) (t=>t) (i=>i) (v=>v) (m=>m) (a~=>a~)
situation ['s', 'i', 't', 'y', 'a', 's', 'j', 'o~'] => situation ['s', 'i', 't', 'y', 'a', 's', 'j', 'o~'] Correct 0.0 <=>  (s=>s) (i=>i) (t=>t) (y=>y) (a=>a) (s=>s) (j=>j) (o~=>o~)
actuellement ['a', 'k', 't', 'y', 'e', 'l', '@', 'm', 'a~'] => actuellement ['a', 'k', 't', 'y', 'e', 'l', 'm', 'a~'] Correct 2.3 <=>  (a=>a) (k=>k) (t=>t) (y=>y) (e=>e) (l=>l) (@=>) (m=>m) (a~=>a~)
réalité ['R', 'i', 't', 'e'] => autorité ['O', 't', 'O', 'R', 'i', 't', 'e'] Erreur 3.0 <=>  (=>O) (=>t) (=>O) (R=>R) (i=>i) (t=>t) (e=>e)
effectivement ['e', 'f', 'E', 'k', 't', 'i', 'v', 'm', 'a~'] => effectivement ['e', 'f', 'E', 'k', 't', 'i', 'v', 'm', 'a~'] Correct 0.0 <=>  (e=>e) (f=>f) (E=>E) (k=>k) (t=>t) (i=>i) (v=>v) (m=>m) (a~=>a~)
circulation ['s', 'i', 'R', 'k', 'y', 'l', 'a', 's', 'j', 'o~'] => circulation ['s', 'i', 'R', 'k', 'y', 'l', 'a', 's', 'j', 'o~'] Correct 0.0 <=>  (s=>s) (i=>i) (R=>R) (k=>k) (y=>y) (l=>l) (a=>a) (s=>s) (j=>j) (o~=>o~)
environnement ['a~', 'v', 'i', 'R', 'O', 'n', '@', 'm', 'a~'] => environnement ['a~', 'v', 'i', 'R', 'O', 'n', 'm', 'a~'] Correct 2.3 <=>  (a~=>a~) (v=>v) (i=>i) (R=>R) (O=>O) (n=>n) (@=>) (m=>m) (a~=>a~)
énormément ['e', 'z', 'd', 'a~', 'l', '@', 'm', 'o~'] => actuellement ['a', 'k', 't', 'y', 'e', 'l', 'm', 'a~'] Erreur 16.3 <=>  (=>a) (=>k) (=>t) (=>y) (e=>e) (z=>) (d=>) (a~=>) (l=>l) (@=>) (m=>m) (o~=>a~)
effectivement ['e', 'f', 'E', 'k', 't', 'i', 'v', 'm', 'a~'] => effectivement ['e', 'f', 'E', 'k', 't', 'i', 'v', 'm', 'a~'] Correct 0.0 <=>  (e=>e) (f=>f) (E=>E) (k=>k) (t=>t) (i=>i) (v=>v) (m=>m) (a~=>a~)
intéressant ['t', 'e', 'R', 'e', 's', 'a~', 'p'] => intéressant ['e~', 't', 'e', 'R', 'e', 's', 'a~'] Correct 3.3 <=>  (=>e~) (t=>t) (e=>e) (R=>R) (e=>e) (s=>s) (a~=>a~) (p=>)
agriculture ['g', 'R', 'i', 'k', 'y', 'l', 't', 'y', 'R'] => agriculture ['a', 'g', 'R', 'i', 'k', 'y', 'l', 't', 'y', 'R'] Correct 1.0 <=>  (=>a) (g=>g) (R=>R) (i=>i) (k=>k) (y=>y) (l=>l) (t=>t) (y=>y) (R=>R)
utiliser ['y', 't', 'i', 'l', 'i', 'z', 'e'] => utiliser ['y', 't', 'i', 'l', 'i', 'z', 'e'] Correct 0.0 <=>  (y=>y) (t=>t) (i=>i) (l=>l) (i=>i) (z=>z) (e=>e)
effectivement ['e', 'f', 'E', 'k', 't', 'i', 'v', 'm', 'a~'] => effectivement ['e', 'f', 'E', 'k', 't', 'i', 'v', 'm', 'a~'] Correct 0.0 <=>  (e=>e) (f=>f) (E=>E) (k=>k) (t=>t) (i=>i) (v=>v) (m=>m) (a~=>a~)
utiliser ['y', 't', 'i', 'l', 'i', 'z', 'e'] => utiliser ['y', 't', 'i', 'l', 'i', 'z', 'e'] Correct 0.0 <=>  (y=>y) (t=>t) (i=>i) (l=>l) (i=>i) (z=>z) (e=>e)
utiliser ['y', 't', 'i', 'l', 'i', 'z', 'e'] => utiliser ['y', 't', 'i', 'l', 'i', 'z', 'e'] Correct 0.0 <=>  (y=>y) (t=>t) (i=>i) (l=>l) (i=>i) (z=>z) (e=>e)
antibiotiques ['a~', 't', 'i', 'b', 'j', 'O', 't', 'i', 'k'] => antibiotiques ['a~', 't', 'i', 'b', 'j', 'O', 't', 'i', 'k'] Correct 0.0 <=>  (a~=>a~) (t=>t) (i=>i) (b=>b) (j=>j) (O=>O) (t=>t) (i=>i) (k=>k)
antibiotiques ['t', 'i', 'b', 'j', 'O', 't', 'i', 'k'] => antibiotiques ['a~', 't', 'i', 'b', 'j', 'O', 't', 'i', 'k'] Correct 1.0 <=>  (=>a~) (t=>t) (i=>i) (b=>b) (j=>j) (O=>O) (t=>t) (i=>i) (k=>k)
évidemment ['e', 'v', 'i', 'd', 'a', 'm', 'a~', 'p'] => évidemment ['e', 'v', 'i', 'd', 'a', 'm', 'a~'] Correct 2.3 <=>  (e=>e) (v=>v) (i=>i) (d=>d) (a=>a) (m=>m) (a~=>a~) (p=>)
antibiotiques ['a~', 't', 'i', 'b', 'j', 'O', 't', 'i', 'k'] => antibiotiques ['a~', 't', 'i', 'b', 'j', 'O', 't', 'i', 'k'] Correct 0.0 <=>  (a~=>a~) (t=>t) (i=>i) (b=>b) (j=>j) (O=>O) (t=>t) (i=>i) (k=>k)
utiliser ['y', 't', 'i', 'l', 'i', 'z', 'e'] => utiliser ['y', 't', 'i', 'l', 'i', 'z', 'e'] Correct 0.0 <=>  (y=>y) (t=>t) (i=>i) (l=>l) (i=>i) (z=>z) (e=>e)
antibiotiques ['a~', 't', 'i', 'b', 'j', 'O', 't', 'i', 'k'] => antibiotiques ['a~', 't', 'i', 'b', 'j', 'O', 't', 'i', 'k'] Correct 0.0 <=>  (a~=>a~) (t=>t) (i=>i) (b=>b) (j=>j) (O=>O) (t=>t) (i=>i) (k=>k)
antibiotiques ['a', 't', 'i', 'b', 'e', 't', 'i', 'k'] => démocratique ['d', 'e', 'm', 'O', 'k', 'R', 'a', 't', 'i', 'k'] Erreur 15.2 <=>  (=>d) (=>e) (=>m) (=>O) (=>k) (=>R) (a=>a) (t=>t) (i=>i) (b=>) (e=>) (t=>) (i=>) (k=>k)
activités ['k', 't', 'i', 'v', 'i', 't', 'e', 'y'] => activité ['a', 'k', 't', 'i', 'v', 'i', 't', 'e'] Erreur 3.3 <=>  (=>a) (k=>k) (t=>t) (i=>i) (v=>v) (i=>i) (t=>t) (e=>e) (y=>)
antibiotiques ['a~', 't', 'i', 'b', 'e', 't', 'i', 'k'] => antibiotiques ['a~', 't', 'i', 'b', 'j', 'O', 't', 'i', 'k'] Correct 11.9 <=>  (a~=>a~) (t=>t) (i=>i) (b=>b) (=>j) (e=>O) (t=>t) (i=>i) (k=>k)
associations ['a', 's', 'O', 's', 'j', 'a', 't', 'o~'] => association ['a', 's', 'O', 's', 'j', 'a', 's', 'j', 'o~'] Erreur 10.7 <=>  (a=>a) (s=>s) (O=>O) (s=>s) (j=>j) (a=>a) (t=>s) (=>j) (o~=>o~)
évidemment ['e', 'v', 'i', 'd', 'a', 'E', 'k'] => évidemment ['e', 'v', 'i', 'd', 'a', 'm', 'a~'] Correct 13.0 <=>  (e=>e) (v=>v) (i=>i) (d=>d) (a=>a) (E=>m) (k=>a~)
associations ['d', '@', 's', 'o~'] => incertitude ['e~', 's', 'E', 'R', 't', 'i', 't', 'y', 'd', '@'] Erreur 12.6 <=>  (=>e~) (=>s) (=>E) (=>R) (=>t) (=>i) (=>t) (=>y) (d=>d) (@=>@) (s=>) (o~=>)
effectivement ['e', 'f', 'E', 'k', 't', 'i', 'v', 'm', 'a~', 'd'] => effectivement ['e', 'f', 'E', 'k', 't', 'i', 'v', 'm', 'a~'] Correct 2.3 <=>  (e=>e) (f=>f) (E=>E) (k=>k) (t=>t) (i=>i) (v=>v) (m=>m) (a~=>a~) (d=>)
documentaire ['d', 'O', 'k', 'y', 'm', 'a~', 't', 'E'] => documentaire ['d', 'O', 'k', 'y', 'm', 'a~', 't', 'E', 'R'] Correct 5.1 <=>  (d=>d) (O=>O) (k=>k) (y=>y) (m=>m) (a~=>a~) (t=>t) (E=>E) (=>R)
effectivement ['e', 'f', 'E', 'k', 't', 'i', 'v', 'm', 'a~'] => effectivement ['e', 'f', 'E', 'k', 't', 'i', 'v', 'm', 'a~'] Correct 0.0 <=>  (e=>e) (f=>f) (E=>E) (k=>k) (t=>t) (i=>i) (v=>v) (m=>m) (a~=>a~)
documentaire ['d', 'O', 'k', 'y', 'm', 'a~', 't', 'E', 'R'] => documentaire ['d', 'O', 'k', 'y', 'm', 'a~', 't', 'E', 'R'] Correct 0.0 <=>  (d=>d) (O=>O) (k=>k) (y=>y) (m=>m) (a~=>a~) (t=>t) (E=>E) (R=>R)
environnement ['a~', 'v', 'i', 'R', 'O', 'n', '@', 'm', 'a~', 'd'] => environnement ['a~', 'v', 'i', 'R', 'O', 'n', 'm', 'a~'] Correct 4.6 <=>  (a~=>a~) (v=>v) (i=>i) (R=>R) (O=>O) (n=>n) (@=>) (m=>m) (a~=>a~) (d=>)
particulier ['a', 'R', 't', 'i', 'k', 'y', 'l', 'j', 'e'] => particulier ['p', 'a', 'R', 't', 'i', 'k', 'y', 'l', 'j', 'e'] Correct 1.0 <=>  (=>p) (a=>a) (R=>R) (t=>t) (i=>i) (k=>k) (y=>y) (l=>l) (j=>j) (e=>e)
environnement ['a~', 'v', 'i', 'R', 'O', 'n', '@', 'm', 'a~', 'p'] => environnement ['a~', 'v', 'i', 'R', 'O', 'n', 'm', 'a~'] Correct 4.6 <=>  (a~=>a~) (v=>v) (i=>i) (R=>R) (O=>O) (n=>n) (@=>) (m=>m) (a~=>a~) (p=>)
documentaire ['d', 'O', 'k', 'y', 'n', 'e~', 't', 'E', 'R'] => documentaire ['d', 'O', 'k', 'y', 'm', 'a~', 't', 'E', 'R'] Correct 8.8 <=>  (d=>d) (O=>O) (k=>k) (y=>y) (n=>m) (e~=>a~) (t=>t) (E=>E) (R=>R)
documentaire ['d', 'O', 'k', 'y', 'm', 'a~', 't', 'E', 'R'] => documentaire ['d', 'O', 'k', 'y', 'm', 'a~', 't', 'E', 'R'] Correct 0.0 <=>  (d=>d) (O=>O) (k=>k) (y=>y) (m=>m) (a~=>a~) (t=>t) (E=>E) (R=>R)
effectivement ['e', 'f', 'E', 'k', 't', 'i', 'v', 'm', 'a~'] => effectivement ['e', 'f', 'E', 'k', 't', 'i', 'v', 'm', 'a~'] Correct 0.0 <=>  (e=>e) (f=>f) (E=>E) (k=>k) (t=>t) (i=>i) (v=>v) (m=>m) (a~=>a~)
documentaire ['d', 'O', 'k', 'y', 'm', 'a~', 't', 'E', 'R'] => documentaire ['d', 'O', 'k', 'y', 'm', 'a~', 't', 'E', 'R'] Correct 0.0 <=>  (d=>d) (O=>O) (k=>k) (y=>y) (m=>m) (a~=>a~) (t=>t) (E=>E) (R=>R)
incertitude ['e~', 's', 'E', 'R', 't', 'i', 't', 'y', 'd'] => incertitude ['e~', 's', 'E', 'R', 't', 'i', 't', 'y', 'd'] Correct 0.0 <=>  (e~=>e~) (s=>s) (E=>E) (R=>R) (t=>t) (i=>i) (t=>t) (y=>y) (d=>d)
incertitude ['R', 'e', 'd', 'y', 'n', 'm', 'y', 'l', 't'] => etats-unis ['E', 't', 'a', 'y', 'n', 'i'] Erreur 20.9 <=>  (R=>E) (e=>t) (d=>a) (y=>y) (n=>n) (m=>) (y=>) (l=>) (t=>i)
évidemment ['e', 'v', 'i', 'd', 'a', 'm', 'a~', 'k'] => évidemment ['e', 'v', 'i', 'd', 'a', 'm', 'a~'] Correct 2.3 <=>  (e=>e) (v=>v) (i=>i) (d=>d) (a=>a) (m=>m) (a~=>a~) (k=>)
majorité ['m', 'a', 'Z', 'O', 'R', 'i', 't', 'e'] => majorité ['m', 'a', 'Z', 'O', 'R', 'i', 't', 'e'] Correct 0.0 <=>  (m=>m) (a=>a) (Z=>Z) (O=>O) (R=>R) (i=>i) (t=>t) (e=>e)
économique ['e', 'k', 'O', 'n', 'O', 'm', 'i', 'k'] => économique ['e', 'k', 'O', 'n', 'O', 'm', 'i', 'k'] Correct 0.0 <=>  (e=>e) (k=>k) (O=>O) (n=>n) (O=>O) (m=>m) (i=>i) (k=>k)
évidemment ['v', 'i', 'd', 'a', 'm', 'a~', 'v'] => évidemment ['e', 'v', 'i', 'd', 'a', 'm', 'a~'] Correct 3.3 <=>  (=>e) (v=>v) (i=>i) (d=>d) (a=>a) (m=>m) (a~=>a~) (v=>)
évidemment ['e', 'v', 'i', 'd', 'a', 'm', 'a~'] => évidemment ['e', 'v', 'i', 'd', 'a', 'm', 'a~'] Correct 0.0 <=>  (e=>e) (v=>v) (i=>i) (d=>d) (a=>a) (m=>m) (a~=>a~)
précisément ['p', 'R', 'e', 's', 'i', 'z', 'e', 'm', 'a~'] => précisément ['p', 'R', 'e', 's', 'i', 'z', 'e', 'm', 'a~'] Correct 0.0 <=>  (p=>p) (R=>R) (e=>e) (s=>s) (i=>i) (z=>z) (e=>e) (m=>m) (a~=>a~)
précisément ['p', 'R', 'e', 's', 'i', 'z', 'e', 'm', 'a~'] => précisément ['p', 'R', 'e', 's', 'i', 'z', 'e', 'm', 'a~'] Correct 0.0 <=>  (p=>p) (R=>R) (e=>e) (s=>s) (i=>i) (z=>z) (e=>e) (m=>m) (a~=>a~)
incertitude ['e~', 's', 'E', 'R', 't', 'i', 't', 'y', 'd'] => incertitude ['e~', 's', 'E', 'R', 't', 'i', 't', 'y', 'd'] Correct 0.0 <=>  (e~=>e~) (s=>s) (E=>E) (R=>R) (t=>t) (i=>i) (t=>t) (y=>y) (d=>d)
intéresser ['t', 'e', 'R', 'e', 's', 'e'] => intéressé ['e~', 't', 'e', 'R', 'e', 's', 'e'] Erreur 1.0 <=>  (=>e~) (t=>t) (e=>e) (R=>R) (e=>e) (s=>s) (e=>e)
réalité ['R', 'e', 'a', 'l', 'i', 't', 'e'] => réalité ['R', 'e', 'a', 'l', 'i', 't', 'e'] Correct 0.0 <=>  (R=>R) (e=>e) (a=>a) (l=>l) (i=>i) (t=>t) (e=>e)
effectivement ['e', 'f', 'E', 'k', 't', 'i', 'v', 'm', 'a~', 'l'] => effectivement ['e', 'f', 'E', 'k', 't', 'i', 'v', 'm', 'a~'] Correct 2.3 <=>  (e=>e) (f=>f) (E=>E) (k=>k) (t=>t) (i=>i) (v=>v) (m=>m) (a~=>a~) (l=>)
absolument ['a', 'b', 's', 'O', 'l', 'y', 'm', 'a~'] => absolument ['a', 'b', 's', 'O', 'l', 'y', 'm', 'a~'] Correct 0.0 <=>  (a=>a) (b=>b) (s=>s) (O=>O) (l=>l) (y=>y) (m=>m) (a~=>a~)
environnement ['a~', 'l', 'R', 'O', 'm', 'a~'] => actuellement ['a', 'k', 't', 'y', 'e', 'l', 'm', 'a~'] Erreur 11.9 <=>  (=>a) (=>k) (=>t) (=>y) (a~=>e) (l=>l) (R=>) (O=>) (m=>m) (a~=>a~)
effectivement ['e', 'd', 'e', 's', 'i', 'z', 'j', 'o~'] => télévision ['t', 'e', 'l', 'e', 'v', 'i', 'z', 'j', 'o~'] Erreur 11.2 <=>  (=>t) (e=>e) (d=>l) (e=>e) (s=>v) (i=>i) (z=>z) (j=>j) (o~=>o~)
majorité ['a', 'Z', 'O', 'R', 'i', 't', 'e'] => majorité ['m', 'a', 'Z', 'O', 'R', 'i', 't', 'e'] Correct 1.0 <=>  (=>m) (a=>a) (Z=>Z) (O=>O) (R=>R) (i=>i) (t=>t) (e=>e)
majorité ['f', 'a', 's', 'o~', 'a', 's', 'e'] => intéressé ['e~', 't', 'e', 'R', 'e', 's', 'e'] Erreur 16.5 <=>  (=>e~) (=>t) (=>e) (f=>R) (a=>e) (s=>s) (o~=>) (a=>) (s=>) (e=>e)
majorité ['m', 'a', 'Z', 'O', 'R', 'i', 't', 'e'] => majorité ['m', 'a', 'Z', 'O', 'R', 'i', 't', 'e'] Correct 0.0 <=>  (m=>m) (a=>a) (Z=>Z) (O=>O) (R=>R) (i=>i) (t=>t) (e=>e)
majorité ['a', 'Z', 'O', 'R', 'i', 't', 'e'] => majorité ['m', 'a', 'Z', 'O', 'R', 'i', 't', 'e'] Correct 1.0 <=>  (=>m) (a=>a) (Z=>Z) (O=>O) (R=>R) (i=>i) (t=>t) (e=>e)
environnement ['a~', 'v', 'i', 'R', 'O', 'n', '@', 'm', 'a~'] => environnement ['a~', 'v', 'i', 'R', 'O', 'n', 'm', 'a~'] Correct 2.3 <=>  (a~=>a~) (v=>v) (i=>i) (R=>R) (O=>O) (n=>n) (@=>) (m=>m) (a~=>a~)
évidemment ['e', 'v', 'i', 'd', 'a', 'm', 'a~'] => évidemment ['e', 'v', 'i', 'd', 'a', 'm', 'a~'] Correct 0.0 <=>  (e=>e) (v=>v) (i=>i) (d=>d) (a=>a) (m=>m) (a~=>a~)
absolument ['a', 'b', 's', 'O', 'l', 'y', 'm', 'a~', 'O'] => absolument ['a', 'b', 's', 'O', 'l', 'y', 'm', 'a~'] Correct 2.3 <=>  (a=>a) (b=>b) (s=>s) (O=>O) (l=>l) (y=>y) (m=>m) (a~=>a~) (O=>)
économique ['e', 'k', 'O', 'n', 'O', 'm', 'i', 'k'] => économique ['e', 'k', 'O', 'n', 'O', 'm', 'i', 'k'] Correct 0.0 <=>  (e=>e) (k=>k) (O=>O) (n=>n) (O=>O) (m=>m) (i=>i) (k=>k)
actualité ['a', 'k', 't', 'y', 'a', 'l', 'i', 't', 'e'] => actualité ['a', 'k', 't', 'y', 'a', 'l', 'i', 't', 'e'] Correct 0.0 <=>  (a=>a) (k=>k) (t=>t) (y=>y) (a=>a) (l=>l) (i=>i) (t=>t) (e=>e)
particulier ['a', 'R', 't', 'i', 'k', 'y', 'l', 'j', 'e'] => particulier ['p', 'a', 'R', 't', 'i', 'k', 'y', 'l', 'j', 'e'] Correct 1.0 <=>  (=>p) (a=>a) (R=>R) (t=>t) (i=>i) (k=>k) (y=>y) (l=>l) (j=>j) (e=>e)
continuer ['k', 'O', 't', 'e'] => réalité ['R', 'e', 'a', 'l', 'i', 't', 'e'] Erreur 9.6 <=>  (=>R) (=>e) (=>a) (k=>l) (O=>i) (t=>t) (e=>e)
après-midi ['a', 'p', 'R', 'e', 'm', 'i', 'd'] => après-midi ['a', 'p', 'R', 'e', 'm', 'i', 'd', 'i'] Correct 5.6 <=>  (a=>a) (p=>p) (R=>R) (e=>e) (m=>m) (i=>i) (d=>d) (=>i)
effectivement ['e', 'f', 'E', 'k', 't', 'i', 'v', 'm', 'a~'] => effectivement ['e', 'f', 'E', 'k', 't', 'i', 'v', 'm', 'a~'] Correct 0.0 <=>  (e=>e) (f=>f) (E=>E) (k=>k) (t=>t) (i=>i) (v=>v) (m=>m) (a~=>a~)
effectivement ['e', 'f', 'E', 'k', 't', 'i', 'v', '@', 'm', 'a~'] => effectivement ['e', 'f', 'E', 'k', 't', 'i', 'v', '@', 'm', 'a~'] Correct 0.0 <=>  (e=>e) (f=>f) (E=>E) (k=>k) (t=>t) (i=>i) (v=>v) (@=>@) (m=>m) (a~=>a~)
effectivement ['e', 'f', 'E', 'k', 't', 'i', 'v', 'm', 'a~'] => effectivement ['e', 'f', 'E', 'k', 't', 'i', 'v', 'm', 'a~'] Correct 0.0 <=>  (e=>e) (f=>f) (E=>E) (k=>k) (t=>t) (i=>i) (v=>v) (m=>m) (a~=>a~)
incertitude ['s', 'E', 'R', 't', 'i', 't', 'y', 'd'] => incertitude ['e~', 's', 'E', 'R', 't', 'i', 't', 'y', 'd'] Correct 1.0 <=>  (=>e~) (s=>s) (E=>E) (R=>R) (t=>t) (i=>i) (t=>t) (y=>y) (d=>d)
évidemment ['e', 'v', 'i', 'd', 'a', 'm', 'a~'] => évidemment ['e', 'v', 'i', 'd', 'a', 'm', 'a~'] Correct 0.0 <=>  (e=>e) (v=>v) (i=>i) (d=>d) (a=>a) (m=>m) (a~=>a~)
absolument ['a', 'p', 'a', 's', 'i', 't', 'e', 'l', 'H', 'i', 'd', 'a~'] => efficacité ['e', 'f', 'i', 'k', 'a', 's', 'i', 't', 'e'] Erreur 20.1 <=>  (=>e) (=>f) (=>i) (=>k) (a=>a) (p=>) (a=>) (s=>s) (i=>i) (t=>t) (e=>e) (l=>) (H=>) (i=>) (d=>) (a~=>)
population ['p', 'O', 'p', 'y', 'l', 'a', 's', 'j', 'o~'] => population ['p', 'O', 'p', 'y', 'l', 'a', 's', 'j', 'o~'] Correct 0.0 <=>  (p=>p) (O=>O) (p=>p) (y=>y) (l=>l) (a=>a) (s=>s) (j=>j) (o~=>o~)
absolument ['a', 'b', 's', 'O', 'l', 'y', 'm', 'a~'] => absolument ['a', 'b', 's', 'O', 'l', 'y', 'm', 'a~'] Correct 0.0 <=>  (a=>a) (b=>b) (s=>s) (O=>O) (l=>l) (y=>y) (m=>m) (a~=>a~)
responsabilité ['R', 'E', 's', 'p', 'o~', 's', 'a', 'b', 'i', 'l', 'i', 't', 'e'] => responsabilité ['R', 'E', 's', 'p', 'o~', 's', 'a', 'b', 'i', 'l', 'i', 't', 'e'] Correct 0.0 <=>  (R=>R) (E=>E) (s=>s) (p=>p) (o~=>o~) (s=>s) (a=>a) (b=>b) (i=>i) (l=>l) (i=>i) (t=>t) (e=>e)
responsabilité ['R', 'E', 's', 'p', 'o~', 's', 'a', 'b', 'i', 'l', 'i', 't', 'e'] => responsabilité ['R', 'E', 's', 'p', 'o~', 's', 'a', 'b', 'i', 'l', 'i', 't', 'e'] Correct 0.0 <=>  (R=>R) (E=>E) (s=>s) (p=>p) (o~=>o~) (s=>s) (a=>a) (b=>b) (i=>i) (l=>l) (i=>i) (t=>t) (e=>e)
américain ['a', 'm', 'E', 'R', 'i', 'k', 'e~'] => américains ['a', 'm', 'E', 'R', 'i', 'k', 'e~'] Erreur 0.0 <=>  (a=>a) (m=>m) (E=>E) (R=>R) (i=>i) (k=>k) (e~=>e~)
américain ['a', 'm', 'e', 'R', 'i', 'k', 'e~'] => américains ['a', 'm', 'e', 'R', 'i', 'k', 'e~'] Erreur 0.0 <=>  (a=>a) (m=>m) (e=>e) (R=>R) (i=>i) (k=>k) (e~=>e~)
évidemment ['e', 'v', 'i', 'd', 'a', 'm', 'a~'] => évidemment ['e', 'v', 'i', 'd', 'a', 'm', 'a~'] Correct 0.0 <=>  (e=>e) (v=>v) (i=>i) (d=>d) (a=>a) (m=>m) (a~=>a~)
intéressant ['e', 't', 'R', 'e', 's', 'a~'] => intéressant ['e~', 't', 'e', 'R', 'e', 's', 'a~'] Correct 4.3 <=>  (=>e~) (=>t) (e=>e) (t=>) (R=>R) (e=>e) (s=>s) (a~=>a~)
extraordinaire ['E', 'k', 's', 't', 'R', 'a', 'd', 'e', 'v', 'E', 'R'] => extraordinaire ['E', 'k', 's', 't', 'R', 'a', 'o', 'R', 'd', 'i', 'n', 'E', 'R'] Correct 19.2 <=>  (E=>E) (k=>k) (s=>s) (t=>t) (R=>R) (a=>a) (=>o) (d=>R) (=>d) (e=>i) (v=>n) (E=>E) (R=>R)
effectivement ['e', 'f', 'E', 'k', 't', 'i', 'v', 'm', 'a~'] => effectivement ['e', 'f', 'E', 'k', 't', 'i', 'v', 'm', 'a~'] Correct 0.0 <=>  (e=>e) (f=>f) (E=>E) (k=>k) (t=>t) (i=>i) (v=>v) (m=>m) (a~=>a~)
particulier ['a', 'R', 't', 'i', 'k', 'y', 'l', 'j', 'e'] => particulier ['p', 'a', 'R', 't', 'i', 'k', 'y', 'l', 'j', 'e'] Correct 1.0 <=>  (=>p) (a=>a) (R=>R) (t=>t) (i=>i) (k=>k) (y=>y) (l=>l) (j=>j) (e=>e)
actualité ['a', 'k', 'a', 'l', 'i', 't', 'e'] => réalité ['R', 'e', 'a', 'l', 'i', 't', 'e'] Erreur 6.6 <=>  (=>R) (=>e) (a=>a) (k=>) (a=>) (l=>l) (i=>i) (t=>t) (e=>e)
observateur ['O', 'b', 's', 'E', 'R', 'v', 'a', 't', '9', 'R'] => observateur ['O', 'b', 's', 'E', 'R', 'v', 'a', 't', '9', 'R'] Correct 0.0 <=>  (O=>O) (b=>b) (s=>s) (E=>E) (R=>R) (v=>v) (a=>a) (t=>t) (9=>9) (R=>R)
naturellement ['n', 'a', 't', 'y', 'R', 'e', 'l', 'm', 'a~'] => naturellement ['n', 'a', 't', 'y', 'R', 'e', 'l', 'm', 'a~'] Correct 0.0 <=>  (n=>n) (a=>a) (t=>t) (y=>y) (R=>R) (e=>e) (l=>l) (m=>m) (a~=>a~)
observateur ['O', 'b', 's', 'E', 'R', 'v', 'a', 't', '9', 'R'] => observateur ['O', 'b', 's', 'E', 'R', 'v', 'a', 't', '9', 'R'] Correct 0.0 <=>  (O=>O) (b=>b) (s=>s) (E=>E) (R=>R) (v=>v) (a=>a) (t=>t) (9=>9) (R=>R)
contestation ['k', 'o~', 't', 'E', 's', 't', 'a', 's', 'j', 'o~', 'k'] => contestation ['k', 'o~', 't', 'E', 's', 't', 'a', 's', 'j', 'o~'] Correct 2.3 <=>  (k=>k) (o~=>o~) (t=>t) (E=>E) (s=>s) (t=>t) (a=>a) (s=>s) (j=>j) (o~=>o~) (k=>)
observateur ['O', 'b', 's', 'E', 'R', 'v', 'a', 't', '9', 'R'] => observateur ['O', 'b', 's', 'E', 'R', 'v', 'a', 't', '9', 'R'] Correct 0.0 <=>  (O=>O) (b=>b) (s=>s) (E=>E) (R=>R) (v=>v) (a=>a) (t=>t) (9=>9) (R=>R)
situation ['s', 'i', 't', 'y', 'a', 's', 'j', 'o~'] => situation ['s', 'i', 't', 'y', 'a', 's', 'j', 'o~'] Correct 0.0 <=>  (s=>s) (i=>i) (t=>t) (y=>y) (a=>a) (s=>s) (j=>j) (o~=>o~)
effectivement ['e', 'f', 'E', 'k', 't', 'i', 'v', 'm', 'a~'] => effectivement ['e', 'f', 'E', 'k', 't', 'i', 'v', 'm', 'a~'] Correct 0.0 <=>  (e=>e) (f=>f) (E=>E) (k=>k) (t=>t) (i=>i) (v=>v) (m=>m) (a~=>a~)
opposition ['O', 'p', 'O', 'z', 'i', 's', 'j', 'o~'] => opposition ['O', 'p', 'O', 'z', 'i', 's', 'j', 'o~'] Correct 0.0 <=>  (O=>O) (p=>p) (O=>O) (z=>z) (i=>i) (s=>s) (j=>j) (o~=>o~)
contestation ['k', 'o~', 't', 'E', 's', 't', 'a', 's', 'j', 'o~', 'd'] => contestation ['k', 'o~', 't', 'E', 's', 't', 'a', 's', 'j', 'o~'] Correct 2.3 <=>  (k=>k) (o~=>o~) (t=>t) (E=>E) (s=>s) (t=>t) (a=>a) (s=>s) (j=>j) (o~=>o~) (d=>)
évidemment ['v', 'i', 'd', 'a', 'm', 'a~'] => évidemment ['e', 'v', 'i', 'd', 'a', 'm', 'a~'] Correct 1.0 <=>  (=>e) (v=>v) (i=>i) (d=>d) (a=>a) (m=>m) (a~=>a~)
absolument ['b', 's', 'O', 'l', 'y', 'm', 'a~', 'p'] => absolument ['a', 'b', 's', 'O', 'l', 'y', 'm', 'a~'] Correct 3.3 <=>  (=>a) (b=>b) (s=>s) (O=>O) (l=>l) (y=>y) (m=>m) (a~=>a~) (p=>)
contestation ['k', 'o~', 't', 'E', 's', 't', 'a', 's', 'j', 'o~'] => contestation ['k', 'o~', 't', 'E', 's', 't', 'a', 's', 'j', 'o~'] Correct 0.0 <=>  (k=>k) (o~=>o~) (t=>t) (E=>E) (s=>s) (t=>t) (a=>a) (s=>s) (j=>j) (o~=>o~)
effectivement ['e', 'f', 'E', 'k', 't', 'i', 'v', 'm', 'a~'] => effectivement ['e', 'f', 'E', 'k', 't', 'i', 'v', 'm', 'a~'] Correct 0.0 <=>  (e=>e) (f=>f) (E=>E) (k=>k) (t=>t) (i=>i) (v=>v) (m=>m) (a~=>a~)
procuration ['p', 'R', 'O', 'k', 'y', 'R', 'a', 's', 'j', 'o~', 'o~'] => procuration ['p', 'R', 'O', 'k', 'y', 'R', 'a', 's', 'j', 'o~'] Correct 2.3 <=>  (p=>p) (R=>R) (O=>O) (k=>k) (y=>y) (R=>R) (a=>a) (s=>s) (j=>j) (o~=>o~) (o~=>)
majorité ['m', 'a', 'Z', 'O', 'R', 'i', 't', 'e'] => majorité ['m', 'a', 'Z', 'O', 'R', 'i', 't', 'e'] Correct 0.0 <=>  (m=>m) (a=>a) (Z=>Z) (O=>O) (R=>R) (i=>i) (t=>t) (e=>e)
majorité ['m', 'a', 'Z', 'O', 'R', 'i', 't', 'e', 'd'] => majorité ['m', 'a', 'Z', 'O', 'R', 'i', 't', 'e'] Correct 2.3 <=>  (m=>m) (a=>a) (Z=>Z) (O=>O) (R=>R) (i=>i) (t=>t) (e=>e) (d=>)
évidemment ['v', 'i', 'd', 'a', 'm', 'a~', 'l'] => évidemment ['e', 'v', 'i', 'd', 'a', 'm', 'a~'] Correct 3.3 <=>  (=>e) (v=>v) (i=>i) (d=>d) (a=>a) (m=>m) (a~=>a~) (l=>)
effectivement ['e', 'f', 'E', 'k', 't', 'i', 'v', 'm', 'a~'] => effectivement ['e', 'f', 'E', 'k', 't', 'i', 'v', 'm', 'a~'] Correct 0.0 <=>  (e=>e) (f=>f) (E=>E) (k=>k) (t=>t) (i=>i) (v=>v) (m=>m) (a~=>a~)
négociations ['e', 'g', 'O', 's', 'j', 'a', 's', 'j', 'o~'] => négociations ['n', 'e', 'g', 'O', 's', 'j', 'a', 's', 'j', 'o~'] Correct 1.0 <=>  (=>n) (e=>e) (g=>g) (O=>O) (s=>s) (j=>j) (a=>a) (s=>s) (j=>j) (o~=>o~)
intéressant ['e~', 't', 'e', 'R', 'e', 's', 'a~'] => intéressant ['e~', 't', 'e', 'R', 'e', 's', 'a~'] Correct 0.0 <=>  (e~=>e~) (t=>t) (e=>e) (R=>R) (e=>e) (s=>s) (a~=>a~)
manifestation ['m', 'a', 'n', 'i', 'f', 'E', 's', 't', 'a', 's', 'j', 'o~', 'd'] => manifestation ['m', 'a', 'n', 'i', 'f', 'E', 's', 't', 'a', 's', 'j', 'o~'] Correct 2.3 <=>  (m=>m) (a=>a) (n=>n) (i=>i) (f=>f) (E=>E) (s=>s) (t=>t) (a=>a) (s=>s) (j=>j) (o~=>o~) (d=>)
absolument ['b', 's', 'O', 'l', 'y', 'm', 'a~', 'k'] => absolument ['a', 'b', 's', 'O', 'l', 'y', 'm', 'a~'] Correct 3.3 <=>  (=>a) (b=>b) (s=>s) (O=>O) (l=>l) (y=>y) (m=>m) (a~=>a~) (k=>)
majorité ['m', 'a', 'Z', 'O', 'R', 'i', 't', 'e'] => majorité ['m', 'a', 'Z', 'O', 'R', 'i', 't', 'e'] Correct 0.0 <=>  (m=>m) (a=>a) (Z=>Z) (O=>O) (R=>R) (i=>i) (t=>t) (e=>e)
absolument ['a', 'b', 's', 'O', 'l', 'y', 'm', 'a~'] => absolument ['a', 'b', 's', 'O', 'l', 'y', 'm', 'a~'] Correct 0.0 <=>  (a=>a) (b=>b) (s=>s) (O=>O) (l=>l) (y=>y) (m=>m) (a~=>a~)
concertation ['k', 'o~', 's', 'E', 'R', 't', 'a', 's', 'j', 'o~', 'k'] => concertation ['k', 'o~', 's', 'E', 'R', 't', 'a', 's', 'j', 'o~'] Correct 2.3 <=>  (k=>k) (o~=>o~) (s=>s) (E=>E) (R=>R) (t=>t) (a=>a) (s=>s) (j=>j) (o~=>o~) (k=>)
négociations ['e', 'g', 'O', 's', 'j', 'a', 's', 'j', 'o~'] => négociations ['n', 'e', 'g', 'O', 's', 'j', 'a', 's', 'j', 'o~'] Correct 1.0 <=>  (=>n) (e=>e) (g=>g) (O=>O) (s=>s) (j=>j) (a=>a) (s=>s) (j=>j) (o~=>o~)
possibilité ['p', 'O', 's', 'i', 'b', 'i', 'l', 'i', 't', 'e'] => possibilité ['p', 'O', 's', 'i', 'b', 'i', 'l', 'i', 't', 'e'] Correct 0.0 <=>  (p=>p) (O=>O) (s=>s) (i=>i) (b=>b) (i=>i) (l=>l) (i=>i) (t=>t) (e=>e)
réalité ['R', 'e', 'a', 'l', 'i', 't', 'e'] => réalité ['R', 'e', 'a', 'l', 'i', 't', 'e'] Correct 0.0 <=>  (R=>R) (e=>e) (a=>a) (l=>l) (i=>i) (t=>t) (e=>e)
démocratique ['d', 'e', 'm', 'O', 'k', 'R', 'a', 't', 'i', 'k'] => démocratique ['d', 'e', 'm', 'O', 'k', 'R', 'a', 't', 'i', 'k'] Correct 0.0 <=>  (d=>d) (e=>e) (m=>m) (O=>O) (k=>k) (R=>R) (a=>a) (t=>t) (i=>i) (k=>k)
réalité ['R', 'e', 'u', 'n', 'o~'] => améliorer ['a', 'm', 'e', 'l', 'j', 'O', 'R', 'e'] Erreur 12.9 <=>  (=>a) (=>m) (=>e) (=>l) (=>j) (=>O) (R=>R) (e=>e) (u=>) (n=>) (o~=>)
intéressant ['e~', 't', 'e', 'R', 'e', 's', 'a~'] => intéressant ['e~', 't', 'e', 'R', 'e', 's', 'a~'] Correct 0.0 <=>  (e~=>e~) (t=>t) (e=>e) (R=>R) (e=>e) (s=>s) (a~=>a~)
évidemment ['e', 'v', 'i', 'd', 'a', 'm', 'a~', 'O'] => évidemment ['e', 'v', 'i', 'd', 'a', 'm', 'a~'] Correct 2.3 <=>  (e=>e) (v=>v) (i=>i) (d=>d) (a=>a) (m=>m) (a~=>a~) (O=>)
contestation ['k', 'o~', 't', 'E', 's', 't', 'a', 's', 'j', 'o~'] => contestation ['k', 'o~', 't', 'E', 's', 't', 'a', 's', 'j', 'o~'] Correct 0.0 <=>  (k=>k) (o~=>o~) (t=>t) (E=>E) (s=>s) (t=>t) (a=>a) (s=>s) (j=>j) (o~=>o~)
évidemment ['e', 'l', '@', 'm', 'a~'] => actuellement ['a', 'k', 't', 'y', 'e', 'l', 'm', 'a~'] Erreur 6.3 <=>  (=>a) (=>k) (=>t) (=>y) (e=>e) (l=>l) (@=>) (m=>m) (a~=>a~)
etc ['t', 's', 'e', 't', 'e', 'R'] => etc ['E', 't', 's', 'e', 't', 'e', 'R', 'a'] Correct 6.2 <=>  (=>E) (t=>t) (s=>s) (e=>e) (t=>t) (e=>e) (R=>R) (=>a)
etc ['t', 's', 'e', 't', 'e', 'R'] => etc ['E', 't', 's', 'e', 't', 'e', 'R', 'a'] Correct 6.2 <=>  (=>E) (t=>t) (s=>s) (e=>e) (t=>t) (e=>e) (R=>R) (=>a)
etc ['R', 's', 'e', 't', 'e', 'R', 'a'] => etc ['E', 'k', 's', 'e', 't', 'e', 'R', 'a'] Correct 4.3 <=>  (=>E) (R=>k) (s=>s) (e=>e) (t=>t) (e=>e) (R=>R) (a=>a)
etc ['s', 'e', 't', 'e', 'R', 'a'] => etc ['E', 'k', 's', 'e', 't', 'e', 'R', 'a'] Correct 2.0 <=>  (=>E) (=>k) (s=>s) (e=>e) (t=>t) (e=>e) (R=>R) (a=>a)
démocratie ['e', 'v', 'a', 's'] => etc ['E', 'k', 's', 'e', 't', 'e', 'R', 'a'] Erreur 11.7 <=>  (=>E) (=>k) (=>s) (=>e) (=>t) (e=>e) (v=>R) (a=>a) (s=>)
démocratie ['d', 'e', 'm', 'O', 'k', 'R', 'a', 's', 'i'] => démocratie ['d', 'e', 'm', 'O', 'k', 'R', 'a', 's', 'i'] Correct 0.0 <=>  (d=>d) (e=>e) (m=>m) (O=>O) (k=>k) (R=>R) (a=>a) (s=>s) (i=>i)
présidentielle ['p', 'R', 'e', 'z', 'a~', 's', 'j', 'E', 'n', 'p'] => présidentielle ['p', 'R', 'e', 'z', 'i', 'd', 'a~', 's', 'j', 'E', 'l'] Correct 16.3 <=>  (p=>p) (R=>R) (e=>e) (z=>z) (=>i) (=>d) (a~=>a~) (s=>s) (j=>j) (E=>E) (n=>) (p=>l)
idéologique ['i', 'd', 'e', 'O', 'l', 'O', 'Z', 'i', 'k'] => idéologique ['i', 'd', 'e', 'O', 'l', 'O', 'Z', 'i', 'k'] Correct 0.0 <=>  (i=>i) (d=>d) (e=>e) (O=>O) (l=>l) (O=>O) (Z=>Z) (i=>i) (k=>k)
économique ['e', 'k', 'O', 'n', 'O', 'm', 'i', 'k'] => économique ['e', 'k', 'O', 'n', 'O', 'm', 'i', 'k'] Correct 0.0 <=>  (e=>e) (k=>k) (O=>O) (n=>n) (O=>O) (m=>m) (i=>i) (k=>k)
majorité ['m', 'a', 'Z', 'O', 'R', 'i', 't', 'e'] => majorité ['m', 'a', 'Z', 'O', 'R', 'i', 't', 'e'] Correct 0.0 <=>  (m=>m) (a=>a) (Z=>Z) (O=>O) (R=>R) (i=>i) (t=>t) (e=>e)
etc ['E', 't', 's', 'e', 't', 'e', 'R', 'a'] => etc ['E', 't', 's', 'e', 't', 'e', 'R', 'a'] Correct 0.0 <=>  (E=>E) (t=>t) (s=>s) (e=>e) (t=>t) (e=>e) (R=>R) (a=>a)
observateur ['O', 'b', 's', 'E', 'R', 'v', 'a', 't', '9', 'R', '@'] => observateur ['O', 'b', 's', 'E', 'R', 'v', 'a', 't', '9', 'R'] Correct 2.3 <=>  (O=>O) (b=>b) (s=>s) (E=>E) (R=>R) (v=>v) (a=>a) (t=>t) (9=>9) (R=>R) (@=>)
interrogé ['e~', 't', 'e', 'R', 'O', 'Z', 'e'] => interrogé ['e~', 't', 'e', 'R', 'O', 'Z', 'e'] Correct 0.0 <=>  (e~=>e~) (t=>t) (e=>e) (R=>R) (O=>O) (Z=>Z) (e=>e)
évidemment ['e', 'v', 'i', 'd', 'a', 'm', 'a~', 'e~'] => évidemment ['e', 'v', 'i', 'd', 'a', 'm', 'a~'] Correct 2.3 <=>  (e=>e) (v=>v) (i=>i) (d=>d) (a=>a) (m=>m) (a~=>a~) (e~=>)
etc ['t', 's', 'e', 't', 'e', 'R', 'a'] => etc ['E', 't', 's', 'e', 't', 'e', 'R', 'a'] Correct 1.0 <=>  (=>E) (t=>t) (s=>s) (e=>e) (t=>t) (e=>e) (R=>R) (a=>a)
télévision ['t', 'E', 'l', 'E', 'v', 'i', 'z', 'j', 'o~'] => télévision ['t', 'E', 'l', 'E', 'v', 'i', 'z', 'j', 'o~'] Correct 0.0 <=>  (t=>t) (E=>E) (l=>l) (E=>E) (v=>v) (i=>i) (z=>z) (j=>j) (o~=>o~)
observateur ['O', 'b', 's', 'E', 'R', 'v', 'a', 't', '9', 'R'] => observateur ['O', 'b', 's', 'E', 'R', 'v', 'a', 't', '9', 'R'] Correct 0.0 <=>  (O=>O) (b=>b) (s=>s) (E=>E) (R=>R) (v=>v) (a=>a) (t=>t) (9=>9) (R=>R)
absolument ['a', 'b', 's', 'O', 'l', 'y', 'm', 'a~', 't'] => absolument ['a', 'b', 's', 'O', 'l', 'y', 'm', 'a~'] Correct 2.3 <=>  (a=>a) (b=>b) (s=>s) (O=>O) (l=>l) (y=>y) (m=>m) (a~=>a~) (t=>)
etc ['E', 't', 's', 'e', 't', 'e', 'R'] => etc ['E', 't', 's', 'e', 't', 'e', 'R', 'a'] Correct 5.2 <=>  (E=>E) (t=>t) (s=>s) (e=>e) (t=>t) (e=>e) (R=>R) (=>a)
etc ['a', 's', 'e', 'l', 'e', 'R', 'a'] => etc ['E', 'k', 's', 'e', 't', 'e', 'R', 'a'] Correct 9.6 <=>  (=>E) (a=>k) (s=>s) (e=>e) (l=>t) (e=>e) (R=>R) (a=>a)
génération ['Z', 'e', 'n', 'e', 'R', 'a', 's', 'j', 'o~'] => génération ['Z', 'e', 'n', 'e', 'R', 'a', 's', 'j', 'o~'] Correct 0.0 <=>  (Z=>Z) (e=>e) (n=>n) (e=>e) (R=>R) (a=>a) (s=>s) (j=>j) (o~=>o~)
etc ['s', 'e', 't', 'a'] => intéressé ['e~', 't', 'e', 'R', 'e', 's', 'e'] Erreur 9.6 <=>  (=>e~) (=>t) (=>e) (=>R) (=>e) (s=>s) (e=>e) (t=>) (a=>)
économique ['e', 'k', 'O', 'n', 'O', 'm', 'i', 'k'] => économique ['e', 'k', 'O', 'n', 'O', 'm', 'i', 'k'] Correct 0.0 <=>  (e=>e) (k=>k) (O=>O) (n=>n) (O=>O) (m=>m) (i=>i) (k=>k)
libération ['l', 'i', 'b', 'E', 'R', 'a', 's', 'j', 'o~', 'd'] => libération ['l', 'i', 'b', 'E', 'R', 'a', 's', 'j', 'o~'] Correct 2.3 <=>  (l=>l) (i=>i) (b=>b) (E=>E) (R=>R) (a=>a) (s=>s) (j=>j) (o~=>o~) (d=>)
économie ['a', 'v', '@', 'n', 'i'] => etats-unis ['E', 't', 'a', 'y', 'n', 'i'] Erreur 9.6 <=>  (=>E) (=>t) (a=>a) (v=>) (@=>y) (n=>n) (i=>i)
effectivement ['e', 'f', 'E', 'k', 't', 'i', 'v', '@', 'm', 'a~'] => effectivement ['e', 'f', 'E', 'k', 't', 'i', 'v', '@', 'm', 'a~'] Correct 0.0 <=>  (e=>e) (f=>f) (E=>E) (k=>k) (t=>t) (i=>i) (v=>v) (@=>@) (m=>m) (a~=>a~)
démocratie ['d', 'e', 'm', 'O', 'k', 'R', 'a', 's', 'i'] => démocratie ['d', 'e', 'm', 'O', 'k', 'R', 'a', 's', 'i'] Correct 0.0 <=>  (d=>d) (e=>e) (m=>m) (O=>O) (k=>k) (R=>R) (a=>a) (s=>s) (i=>i)
effectivement ['e', 'f', 'E', 'k', 't', 'i', 'v', 'm', 'a~'] => effectivement ['e', 'f', 'E', 'k', 't', 'i', 'v', 'm', 'a~'] Correct 0.0 <=>  (e=>e) (f=>f) (E=>E) (k=>k) (t=>t) (i=>i) (v=>v) (m=>m) (a~=>a~)
évidemment ['e', 'v', 'i', 'd', 'a', 'm', 'a~'] => évidemment ['e', 'v', 'i', 'd', 'a', 'm', 'a~'] Correct 0.0 <=>  (e=>e) (v=>v) (i=>i) (d=>d) (a=>a) (m=>m) (a~=>a~)
effectivement ['e', 'f', 'E', 'k', 't', 'i', 'v', 'm', 'a~'] => effectivement ['e', 'f', 'E', 'k', 't', 'i', 'v', 'm', 'a~'] Correct 0.0 <=>  (e=>e) (f=>f) (E=>E) (k=>k) (t=>t) (i=>i) (v=>v) (m=>m) (a~=>a~)
énormément ['e', 'n', 'o', 'R', 'm', 'e', 'm', 'a~', 'd'] => énormément ['e', 'n', 'o', 'R', 'm', 'e', 'm', 'a~'] Correct 2.3 <=>  (e=>e) (n=>n) (o=>o) (R=>R) (m=>m) (e=>e) (m=>m) (a~=>a~) (d=>)
évidemment ['e', 'v', 'i', 'd', 'a', 'm', 'a~'] => évidemment ['e', 'v', 'i', 'd', 'a', 'm', 'a~'] Correct 0.0 <=>  (e=>e) (v=>v) (i=>i) (d=>d) (a=>a) (m=>m) (a~=>a~)
propositions ['O', 'z', 'i', 's', 'j', 'o~'] => opposition ['O', 'p', 'O', 'z', 'i', 's', 'j', 'o~'] Erreur 2.0 <=>  (=>O) (=>p) (O=>O) (z=>z) (i=>i) (s=>s) (j=>j) (o~=>o~)
etc ['E', 't', 's', 'e', 't', 'e', 'R', 'a'] => etc ['E', 't', 's', 'e', 't', 'e', 'R', 'a'] Correct 0.0 <=>  (E=>E) (t=>t) (s=>s) (e=>e) (t=>t) (e=>e) (R=>R) (a=>a)
propositions ['R', 'O', 'p', 'O', 'z', 'i', 's', 'j', 'o~', 'a~'] => opposition ['O', 'p', 'O', 'z', 'i', 's', 'j', 'o~'] Erreur 3.3 <=>  (R=>) (O=>O) (p=>p) (O=>O) (z=>z) (i=>i) (s=>s) (j=>j) (o~=>o~) (a~=>)
absolument ['a', 'b', 's', 'O', 'l', 'y', 'm', 'a~'] => absolument ['a', 'b', 's', 'O', 'l', 'y', 'm', 'a~'] Correct 0.0 <=>  (a=>a) (b=>b) (s=>s) (O=>O) (l=>l) (y=>y) (m=>m) (a~=>a~)
propositions ['p', 'R', 'O', 'p', 'O', 'z', 'i', 's', 'j', 'o~'] => propositions ['p', 'R', 'O', 'p', 'O', 'z', 'i', 's', 'j', 'o~'] Correct 0.0 <=>  (p=>p) (R=>R) (O=>O) (p=>p) (O=>O) (z=>z) (i=>i) (s=>s) (j=>j) (o~=>o~)
propositions ['p', 'R', 'O', 'p', 'O', 'z', 'i', 's', 'j', 'o~', 'R'] => propositions ['p', 'R', 'O', 'p', 'O', 'z', 'i', 's', 'j', 'o~'] Correct 2.3 <=>  (p=>p) (R=>R) (O=>O) (p=>p) (O=>O) (z=>z) (i=>i) (s=>s) (j=>j) (o~=>o~) (R=>)
propositions ['p', 'R', 'O', 'p', 'O', 'z', 'i', 's', 'j', 'o~', 'd'] => propositions ['p', 'R', 'O', 'p', 'O', 'z', 'i', 's', 'j', 'o~'] Correct 2.3 <=>  (p=>p) (R=>R) (O=>O) (p=>p) (O=>O) (z=>z) (i=>i) (s=>s) (j=>j) (o~=>o~) (d=>)
évolution ['e', 'v', 'O', 'l', 'y', 's', 'j', 'o~'] => évolution ['e', 'v', 'O', 'l', 'y', 's', 'j', 'o~'] Correct 0.0 <=>  (e=>e) (v=>v) (O=>O) (l=>l) (y=>y) (s=>s) (j=>j) (o~=>o~)
après-midi ['a', 'p', 'R', 'e', 'm', 'i', 'd', 'i', 'a'] => après-midi ['a', 'p', 'R', 'e', 'm', 'i', 'd', 'i'] Correct 2.3 <=>  (a=>a) (p=>p) (R=>R) (e=>e) (m=>m) (i=>i) (d=>d) (i=>i) (a=>)
démocratique ['d', 'e', 'm', 'O', 'k', 'R', 'a', 't', 'i', 'k'] => démocratique ['d', 'e', 'm', 'O', 'k', 'R', 'a', 't', 'i', 'k'] Correct 0.0 <=>  (d=>d) (e=>e) (m=>m) (O=>O) (k=>k) (R=>R) (a=>a) (t=>t) (i=>i) (k=>k)
après-midi ['p', 'R', 'e', 'm', 'i', 'd', 'i'] => après-midi ['a', 'p', 'R', 'e', 'm', 'i', 'd', 'i'] Correct 1.0 <=>  (=>a) (p=>p) (R=>R) (e=>e) (m=>m) (i=>i) (d=>d) (i=>i)
situation ['s', 'i', 't', 'y', 'a', 's', 'j', 'o~'] => situation ['s', 'i', 't', 'y', 'a', 's', 'j', 'o~'] Correct 0.0 <=>  (s=>s) (i=>i) (t=>t) (y=>y) (a=>a) (s=>s) (j=>j) (o~=>o~)
particulier ['p', 'a', 'R', 't', 'i', 'k', 'y', 'l', 'j', 'e'] => particulier ['p', 'a', 'R', 't', 'i', 'k', 'y', 'l', 'j', 'e'] Correct 0.0 <=>  (p=>p) (a=>a) (R=>R) (t=>t) (i=>i) (k=>k) (y=>y) (l=>l) (j=>j) (e=>e)
difficultés ['d', 'i', 'f', 'i', 'k', 'y', 'l', 't', 'e'] => difficulté ['d', 'i', 'f', 'i', 'k', 'y', 'l', 't', 'e'] Erreur 0.0 <=>  (d=>d) (i=>i) (f=>f) (i=>i) (k=>k) (y=>y) (l=>l) (t=>t) (e=>e)
précisément ['R', 'e', 's', 'i', 'z', 'e', 'm', 'a~'] => précisément ['p', 'R', 'e', 's', 'i', 'z', 'e', 'm', 'a~'] Correct 1.0 <=>  (=>p) (R=>R) (e=>e) (s=>s) (i=>i) (z=>z) (e=>e) (m=>m) (a~=>a~)
actuellement ['k', 't', 'y', 'e', 'l', '@', 'm', 'a~'] => actuellement ['a', 'k', 't', 'y', 'e', 'l', 'm', 'a~'] Correct 3.3 <=>  (=>a) (k=>k) (t=>t) (y=>y) (e=>e) (l=>l) (@=>) (m=>m) (a~=>a~)
températures ['t', 'a~', 'p', 'e', 'R', 'a', 't', 'y', 'R'] => températures ['t', 'a~', 'p', 'e', 'R', 'a', 't', 'y', 'R'] Correct 0.0 <=>  (t=>t) (a~=>a~) (p=>p) (e=>e) (R=>R) (a=>a) (t=>t) (y=>y) (R=>R)
naturellement ['l', 'a', 't', 'e', 'R', 'a', 'l', 'm', 'a~'] => naturellement ['n', 'a', 't', 'y', 'R', 'e', 'l', 'm', 'a~'] Correct 12.4 <=>  (l=>n) (a=>a) (t=>t) (e=>y) (R=>R) (a=>e) (l=>l) (m=>m) (a~=>a~)
mobilisation ['m', 'O', 'b', 'i', 'l', 'i', 'z', 'a', 's', 'j', 'o~'] => mobilisation ['m', 'O', 'b', 'i', 'l', 'i', 'z', 'a', 's', 'j', 'o~'] Correct 0.0 <=>  (m=>m) (O=>O) (b=>b) (i=>i) (l=>l) (i=>i) (z=>z) (a=>a) (s=>s) (j=>j) (o~=>o~)
dispositif ['i', 's', 'p', 'O', 'z', 'i', 't', 'i', 'f'] => dispositif ['d', 'i', 's', 'p', 'O', 'z', 'i', 't', 'i', 'f'] Correct 1.0 <=>  (=>d) (i=>i) (s=>s) (p=>p) (O=>O) (z=>z) (i=>i) (t=>t) (i=>i) (f=>f)
évidemment ['e', 'v', 'i', 'd', 'a', 'm', 'a~', 'n'] => évidemment ['e', 'v', 'i', 'd', 'a', 'm', 'a~'] Correct 2.3 <=>  (e=>e) (v=>v) (i=>i) (d=>d) (a=>a) (m=>m) (a~=>a~) (n=>)
particulièrement ['p', 'a', 'R', 't', 'i', 'k', 'y', 'l', 'j', 'e', 'R', 'm', 'a~'] => particulièrement ['p', 'a', 'R', 't', 'i', 'k', 'y', 'l', 'j', 'e', 'R', 'm', 'a~'] Correct 0.0 <=>  (p=>p) (a=>a) (R=>R) (t=>t) (i=>i) (k=>k) (y=>y) (l=>l) (j=>j) (e=>e) (R=>R) (m=>m) (a~=>a~)
mobilisation ['m', 'O', 'b', 'i', 'l', 'i', 'z', 'a', 's', 'j', 'o~'] => mobilisation ['m', 'O', 'b', 'i', 'l', 'i', 'z', 'a', 's', 'j', 'o~'] Correct 0.0 <=>  (m=>m) (O=>O) (b=>b) (i=>i) (l=>l) (i=>i) (z=>z) (a=>a) (s=>s) (j=>j) (o~=>o~)
application ['a', 'd', 'i', 'k', 'a', 's', 'j', 'o~'] => application ['a', 'p', 'l', 'i', 'k', 'a', 's', 'j', 'o~'] Correct 7.6 <=>  (a=>a) (=>p) (d=>l) (i=>i) (k=>k) (a=>a) (s=>s) (j=>j) (o~=>o~)
activités ['a', 'k', 't', 'i', 'v', 'i', 't', 'e'] => activité ['a', 'k', 't', 'i', 'v', 'i', 't', 'e'] Erreur 0.0 <=>  (a=>a) (k=>k) (t=>t) (i=>i) (v=>v) (i=>i) (t=>t) (e=>e)
difficultés ['d', 'i', 'f', 'i', 'k', 'y', 'l', 't', 'e'] => difficulté ['d', 'i', 'f', 'i', 'k', 'y', 'l', 't', 'e'] Erreur 0.0 <=>  (d=>d) (i=>i) (f=>f) (i=>i) (k=>k) (y=>y) (l=>l) (t=>t) (e=>e)
activités ['a', 'k', 't', 'i', 'v', 'i', 't', 'e'] => activité ['a', 'k', 't', 'i', 'v', 'i', 't', 'e'] Erreur 0.0 <=>  (a=>a) (k=>k) (t=>t) (i=>i) (v=>v) (i=>i) (t=>t) (e=>e)
activité ['a', 'k', 't', 'i', 'v', 'i', 't', 'e'] => activité ['a', 'k', 't', 'i', 'v', 'i', 't', 'e'] Correct 0.0 <=>  (a=>a) (k=>k) (t=>t) (i=>i) (v=>v) (i=>i) (t=>t) (e=>e)
évolution ['e', 'v', 'O', 'l', 'y', 's', 'j', 'o~'] => évolution ['e', 'v', 'O', 'l', 'y', 's', 'j', 'o~'] Correct 0.0 <=>  (e=>e) (v=>v) (O=>O) (l=>l) (y=>y) (s=>s) (j=>j) (o~=>o~)
économie ['e', 'k', 'O', 'n', 'O', 'm', 'i'] => économie ['e', 'k', 'O', 'n', 'O', 'm', 'i'] Correct 0.0 <=>  (e=>e) (k=>k) (O=>O) (n=>n) (O=>O) (m=>m) (i=>i)
particulièrement ['p', 'a', 'R', 't', 'i', 'k', 'y', 'l', 'j', 'e', 'R', 'm', 'a~'] => particulièrement ['p', 'a', 'R', 't', 'i', 'k', 'y', 'l', 'j', 'e', 'R', 'm', 'a~'] Correct 0.0 <=>  (p=>p) (a=>a) (R=>R) (t=>t) (i=>i) (k=>k) (y=>y) (l=>l) (j=>j) (e=>e) (R=>R) (m=>m) (a~=>a~)
difficulté ['i', 'f', 'i', 'k', 'y', 'l', 't', 'e'] => difficulté ['d', 'i', 'f', 'i', 'k', 'y', 'l', 't', 'e'] Correct 1.0 <=>  (=>d) (i=>i) (f=>f) (i=>i) (k=>k) (y=>y) (l=>l) (t=>t) (e=>e)
particulièrement ['p', 'a', 'R', 't', 'i', 'k', 'y', 'l', 'j', 'e', 'R', 'm', 'a~'] => particulièrement ['p', 'a', 'R', 't', 'i', 'k', 'y', 'l', 'j', 'e', 'R', 'm', 'a~'] Correct 0.0 <=>  (p=>p) (a=>a) (R=>R) (t=>t) (i=>i) (k=>k) (y=>y) (l=>l) (j=>j) (e=>e) (R=>R) (m=>m) (a~=>a~)
mobilisation ['m', 'O', 'b', 'i', 'l', 'i', 'z', 'a', 's', 'j', 'o~'] => mobilisation ['m', 'O', 'b', 'i', 'l', 'i', 'z', 'a', 's', 'j', 'o~'] Correct 0.0 <=>  (m=>m) (O=>O) (b=>b) (i=>i) (l=>l) (i=>i) (z=>z) (a=>a) (s=>s) (j=>j) (o~=>o~)
continuer ['k', 'o~', 't', 'i', 'n', 'y', 'e'] => continuer ['k', 'o~', 't', 'i', 'n', 'y', 'e'] Correct 0.0 <=>  (k=>k) (o~=>o~) (t=>t) (i=>i) (n=>n) (y=>y) (e=>e)
continuer ['k', 'o~', 't', 'i', 'n', 'y'] => continuer ['k', 'o~', 't', 'i', 'n', 'y', 'e'] Correct 6.2 <=>  (k=>k) (o~=>o~) (t=>t) (i=>i) (n=>n) (y=>y) (=>e)
évidemment ['e', 'v', 'i', 'd', 'a', 'm', 'a~', 'l'] => évidemment ['e', 'v', 'i', 'd', 'a', 'm', 'a~'] Correct 2.3 <=>  (e=>e) (v=>v) (i=>i) (d=>d) (a=>a) (m=>m) (a~=>a~) (l=>)
actualité ['a', 'k', 't', 'y', 'n', 'i', 't', 'e', 'a'] => actualité ['a', 'k', 't', 'y', 'a', 'l', 'i', 't', 'e'] Correct 11.1 <=>  (a=>a) (k=>k) (t=>t) (y=>y) (=>a) (n=>l) (i=>i) (t=>t) (e=>e) (a=>)
sécurité ['s', 'e', 'k', 'y', 'R', 'i', 't', 'e'] => sécurité ['s', 'e', 'k', 'y', 'R', 'i', 't', 'e'] Correct 0.0 <=>  (s=>s) (e=>e) (k=>k) (y=>y) (R=>R) (i=>i) (t=>t) (e=>e)
sécurité ['s', 'e', 'k', 'y', 'R', 'i', 't', 'e'] => sécurité ['s', 'e', 'k', 'y', 'R', 'i', 't', 'e'] Correct 0.0 <=>  (s=>s) (e=>e) (k=>k) (y=>y) (R=>R) (i=>i) (t=>t) (e=>e)
sécurité ['s', 'e', 'k', 'y', 'R', 'i', 't', 'e', 'a'] => sécurité ['s', 'e', 'k', 'y', 'R', 'i', 't', 'e'] Correct 2.3 <=>  (s=>s) (e=>e) (k=>k) (y=>y) (R=>R) (i=>i) (t=>t) (e=>e) (a=>)
actualité ['a', 'k', 't', 'y', 'a', 'l', 'i', 't', 'e'] => actualité ['a', 'k', 't', 'y', 'a', 'l', 'i', 't', 'e'] Correct 0.0 <=>  (a=>a) (k=>k) (t=>t) (y=>y) (a=>a) (l=>l) (i=>i) (t=>t) (e=>e)
immigration ['i', 'm', 'i', 'g', 'R', 'a', 's', 'j', 'o~'] => immigration ['i', 'm', 'i', 'g', 'R', 'a', 's', 'j', 'o~'] Correct 0.0 <=>  (i=>i) (m=>m) (i=>i) (g=>g) (R=>R) (a=>a) (s=>s) (j=>j) (o~=>o~)
immigration ['i', 'm', 'i', 'g', 'R', 'a', 's', 'j', 'o~', 'R'] => immigration ['i', 'm', 'i', 'g', 'R', 'a', 's', 'j', 'o~'] Correct 2.3 <=>  (i=>i) (m=>m) (i=>i) (g=>g) (R=>R) (a=>a) (s=>s) (j=>j) (o~=>o~) (R=>)
sécurité ['s', 'e', 'k', 'y', 'R', 'i', 't', 'e'] => sécurité ['s', 'e', 'k', 'y', 'R', 'i', 't', 'e'] Correct 0.0 <=>  (s=>s) (e=>e) (k=>k) (y=>y) (R=>R) (i=>i) (t=>t) (e=>e)
dispositifs ['d', 'i', 's', 'p', 'O', 'z', 'i', 't', 'i', 'f'] => dispositif ['d', 'i', 's', 'p', 'O', 'z', 'i', 't', 'i', 'f'] Erreur 0.0 <=>  (d=>d) (i=>i) (s=>s) (p=>p) (O=>O) (z=>z) (i=>i) (t=>t) (i=>i) (f=>f)
immigration ['i', 'm', 'i', 'g', 'R', 'a', 's', 'j', 'o~'] => immigration ['i', 'm', 'i', 'g', 'R', 'a', 's', 'j', 'o~'] Correct 0.0 <=>  (i=>i) (m=>m) (i=>i) (g=>g) (R=>R) (a=>a) (s=>s) (j=>j) (o~=>o~)
sécurité ['s', 'e', 'k', 'y', 'R', 'i', 't', 'e'] => sécurité ['s', 'e', 'k', 'y', 'R', 'i', 't', 'e'] Correct 0.0 <=>  (s=>s) (e=>e) (k=>k) (y=>y) (R=>R) (i=>i) (t=>t) (e=>e)
autorité ['O', 't', 'O', 'R', 'i', 't', 'e'] => autorité ['O', 't', 'O', 'R', 'i', 't', 'e'] Correct 0.0 <=>  (O=>O) (t=>t) (O=>O) (R=>R) (i=>i) (t=>t) (e=>e)
immigration ['i', 'm', 'i', 'g', 'R', 'a', 's', 'j', 'o~'] => immigration ['i', 'm', 'i', 'g', 'R', 'a', 's', 'j', 'o~'] Correct 0.0 <=>  (i=>i) (m=>m) (i=>i) (g=>g) (R=>R) (a=>a) (s=>s) (j=>j) (o~=>o~)
nationalité ['n', 'a', 's', 'j', 'O', 'n', 'a', 'l', 'i', 't', 'e'] => nationalité ['n', 'a', 's', 'j', 'O', 'n', 'a', 'l', 'i', 't', 'e'] Correct 0.0 <=>  (n=>n) (a=>a) (s=>s) (j=>j) (O=>O) (n=>n) (a=>a) (l=>l) (i=>i) (t=>t) (e=>e)
précisément ['p', 'R', 'e', 's', 'i', 'z', 'e', 'm', 'a~'] => précisément ['p', 'R', 'e', 's', 'i', 'z', 'e', 'm', 'a~'] Correct 0.0 <=>  (p=>p) (R=>R) (e=>e) (s=>s) (i=>i) (z=>z) (e=>e) (m=>m) (a~=>a~)
responsabilité ['R', 'E', 's', 'p', 'o~', 's', 'a', 'b', 'i', 'l', 'i', 't', 'e', 'd'] => responsabilité ['R', 'E', 's', 'p', 'o~', 's', 'a', 'b', 'i', 'l', 'i', 't', 'e'] Correct 2.3 <=>  (R=>R) (E=>E) (s=>s) (p=>p) (o~=>o~) (s=>s) (a=>a) (b=>b) (i=>i) (l=>l) (i=>i) (t=>t) (e=>e) (d=>)
autorité ['O', 't', 'O', 'R', 'i', 't', 'e'] => autorité ['O', 't', 'O', 'R', 'i', 't', 'e'] Correct 0.0 <=>  (O=>O) (t=>t) (O=>O) (R=>R) (i=>i) (t=>t) (e=>e)
responsabilité ['R', 'E', 's', 'p', 'o~', 's', 'a', 'b', 'i', 'l', 'i', 't', 'e', 'd'] => responsabilité ['R', 'E', 's', 'p', 'o~', 's', 'a', 'b', 'i', 'l', 'i', 't', 'e'] Correct 2.3 <=>  (R=>R) (E=>E) (s=>s) (p=>p) (o~=>o~) (s=>s) (a=>a) (b=>b) (i=>i) (l=>l) (i=>i) (t=>t) (e=>e) (d=>)
situation ['s', 'i', 't', 'y', 'a', 's', 'j', 'o~'] => situation ['s', 'i', 't', 'y', 'a', 's', 'j', 'o~'] Correct 0.0 <=>  (s=>s) (i=>i) (t=>t) (y=>y) (a=>a) (s=>s) (j=>j) (o~=>o~)
réalité ['R', 'e', 'a', 'l', 'i', 't', 'e'] => réalité ['R', 'e', 'a', 'l', 'i', 't', 'e'] Correct 0.0 <=>  (R=>R) (e=>e) (a=>a) (l=>l) (i=>i) (t=>t) (e=>e)
réalité ['e', 'a', 'l', 'i', 't', 'e'] => réalité ['R', 'e', 'a', 'l', 'i', 't', 'e'] Correct 1.0 <=>  (=>R) (e=>e) (a=>a) (l=>l) (i=>i) (t=>t) (e=>e)
situation ['s', 'i', 't', 'y', 'a', 's', 'j', 'o~'] => situation ['s', 'i', 't', 'y', 'a', 's', 'j', 'o~'] Correct 0.0 <=>  (s=>s) (i=>i) (t=>t) (y=>y) (a=>a) (s=>s) (j=>j) (o~=>o~)
situation ['s', 'j', 'o~'] => situation ['s', 'i', 't', 'y', 'a', 's', 'j', 'o~'] Correct 5.0 <=>  (=>s) (=>i) (=>t) (=>y) (=>a) (s=>s) (j=>j) (o~=>o~)
responsabilité ['R', 'E', 's', 'p', 'o~', 's', 'a', 'b', 'i', 'l', 'i', 't', 'e'] => responsabilité ['R', 'E', 's', 'p', 'o~', 's', 'a', 'b', 'i', 'l', 'i', 't', 'e'] Correct 0.0 <=>  (R=>R) (E=>E) (s=>s) (p=>p) (o~=>o~) (s=>s) (a=>a) (b=>b) (i=>i) (l=>l) (i=>i) (t=>t) (e=>e)
sécurité ['s', 'e', 'k', 'y', 'R', 'i', 't', 'e'] => sécurité ['s', 'e', 'k', 'y', 'R', 'i', 't', 'e'] Correct 0.0 <=>  (s=>s) (e=>e) (k=>k) (y=>y) (R=>R) (i=>i) (t=>t) (e=>e)
sécurité ['s', 'E', 'k', 'y', 'R', 'i', 't', 'e'] => sécurité ['s', 'E', 'k', 'y', 'R', 'i', 't', 'e'] Correct 0.0 <=>  (s=>s) (E=>E) (k=>k) (y=>y) (R=>R) (i=>i) (t=>t) (e=>e)
population ['p', 'O', 'p', 'y', 'l', 'a', 's', 'j', 'o~', 'd'] => population ['p', 'O', 'p', 'y', 'l', 'a', 's', 'j', 'o~'] Correct 2.3 <=>  (p=>p) (O=>O) (p=>p) (y=>y) (l=>l) (a=>a) (s=>s) (j=>j) (o~=>o~) (d=>)
réalité ['e', 'a', 'l', 'i', 't', 'e'] => réalité ['R', 'e', 'a', 'l', 'i', 't', 'e'] Correct 1.0 <=>  (=>R) (e=>e) (a=>a) (l=>l) (i=>i) (t=>t) (e=>e)
situation ['s', 'i', 't', 'y', 'a', 's', 'j', 'o~'] => situation ['s', 'i', 't', 'y', 'a', 's', 'j', 'o~'] Correct 0.0 <=>  (s=>s) (i=>i) (t=>t) (y=>y) (a=>a) (s=>s) (j=>j) (o~=>o~)
autorité ['O', 't', 'O', 'R', 'i', 't', 'e'] => autorité ['O', 't', 'O', 'R', 'i', 't', 'e'] Correct 0.0 <=>  (O=>O) (t=>t) (O=>O) (R=>R) (i=>i) (t=>t) (e=>e)
autorité ['O', 't', 'O', 'R', 'i', 't', 'e'] => autorité ['O', 't', 'O', 'R', 'i', 't', 'e'] Correct 0.0 <=>  (O=>O) (t=>t) (O=>O) (R=>R) (i=>i) (t=>t) (e=>e)
autorité ['O', 't', 'O', 'R', 'i', 't', 'e'] => autorité ['O', 't', 'O', 'R', 'i', 't', 'e'] Correct 0.0 <=>  (O=>O) (t=>t) (O=>O) (R=>R) (i=>i) (t=>t) (e=>e)
naturellement ['n', 'a', 't', 'y', 'R', 'e', 'l', 'm', 'a~', 'p'] => naturellement ['n', 'a', 't', 'y', 'R', 'e', 'l', 'm', 'a~'] Correct 2.3 <=>  (n=>n) (a=>a) (t=>t) (y=>y) (R=>R) (e=>e) (l=>l) (m=>m) (a~=>a~) (p=>)
autorité ['O', 't', 'O', 'R', 'i', 't', 'e'] => autorité ['O', 't', 'O', 'R', 'i', 't', 'e'] Correct 0.0 <=>  (O=>O) (t=>t) (O=>O) (R=>R) (i=>i) (t=>t) (e=>e)
évidemment ['e', 'v', 'i', 'd', 'a', 'm', 'a~', 'p'] => évidemment ['e', 'v', 'i', 'd', 'a', 'm', 'a~'] Correct 2.3 <=>  (e=>e) (v=>v) (i=>i) (d=>d) (a=>a) (m=>m) (a~=>a~) (p=>)
évidemment ['e', 'v', 'i', 'd', 'a', 'm', 'a~', 'p'] => évidemment ['e', 'v', 'i', 'd', 'a', 'm', 'a~'] Correct 2.3 <=>  (e=>e) (v=>v) (i=>i) (d=>d) (a=>a) (m=>m) (a~=>a~) (p=>)
intéressant ['e~', 't', 'e', 'R', 'e', 's', 'a~'] => intéressant ['e~', 't', 'e', 'R', 'e', 's', 'a~'] Correct 0.0 <=>  (e~=>e~) (t=>t) (e=>e) (R=>R) (e=>e) (s=>s) (a~=>a~)
idéologique ['i', 'd', 'e', 'O', 'l', 'O', 'Z', 'i', 'k'] => idéologique ['i', 'd', 'e', 'O', 'l', 'O', 'Z', 'i', 'k'] Correct 0.0 <=>  (i=>i) (d=>d) (e=>e) (O=>O) (l=>l) (O=>O) (Z=>Z) (i=>i) (k=>k)
réalité ['R', 'e', 'a', 'l', 'i', 't', 'e'] => réalité ['R', 'e', 'a', 'l', 'i', 't', 'e'] Correct 0.0 <=>  (R=>R) (e=>e) (a=>a) (l=>l) (i=>i) (t=>t) (e=>e)
individu ['e~', 'd', 'i', 'v', 'i', 'd', 'y'] => individu ['e~', 'd', 'i', 'v', 'i', 'd', 'y'] Correct 0.0 <=>  (e~=>e~) (d=>d) (i=>i) (v=>v) (i=>i) (d=>d) (y=>y)
dispositif ['d', 'i', 's', 'p', 'O', 'z', 'i', 't', 'i', 'f'] => dispositif ['d', 'i', 's', 'p', 'O', 'z', 'i', 't', 'i', 'f'] Correct 0.0 <=>  (d=>d) (i=>i) (s=>s) (p=>p) (O=>O) (z=>z) (i=>i) (t=>t) (i=>i) (f=>f)
évidemment ['e', 'v', 'i', 'd', 'a', 'm', 'a~', 'p'] => évidemment ['e', 'v', 'i', 'd', 'a', 'm', 'a~'] Correct 2.3 <=>  (e=>e) (v=>v) (i=>i) (d=>d) (a=>a) (m=>m) (a~=>a~) (p=>)
extraordinaire ['k', 's', 't', 'R', 'a', 'o', 'R', 'd', 'i', 'n', 'E', 'R'] => extraordinaire ['E', 'k', 's', 't', 'R', 'a', 'o', 'R', 'd', 'i', 'n', 'E', 'R'] Correct 1.0 <=>  (=>E) (k=>k) (s=>s) (t=>t) (R=>R) (a=>a) (o=>o) (R=>R) (d=>d) (i=>i) (n=>n) (E=>E) (R=>R)
situation ['s', 'i', 't', 'y', 'a', 's', 'j', 'o~', 'd'] => situation ['s', 'i', 't', 'y', 'a', 's', 'j', 'o~'] Correct 2.3 <=>  (s=>s) (i=>i) (t=>t) (y=>y) (a=>a) (s=>s) (j=>j) (o~=>o~) (d=>)
réalité ['e', 'a', 'l', 'i', 't', 'e'] => réalité ['R', 'e', 'a', 'l', 'i', 't', 'e'] Correct 1.0 <=>  (=>R) (e=>e) (a=>a) (l=>l) (i=>i) (t=>t) (e=>e)
opposition ['o~', 'p', 'O', 'z', 'i', 's', 'j', 'o~'] => opposition ['O', 'p', 'O', 'z', 'i', 's', 'j', 'o~'] Correct 3.3 <=>  (o~=>O) (p=>p) (O=>O) (z=>z) (i=>i) (s=>s) (j=>j) (o~=>o~)
réalité ['R', 'e', 'a', 'l', 'i', 't', 'e'] => réalité ['R', 'e', 'a', 'l', 'i', 't', 'e'] Correct 0.0 <=>  (R=>R) (e=>e) (a=>a) (l=>l) (i=>i) (t=>t) (e=>e)
sécurité ['s', 'e', 'k', 'y', 'R', 'i', 't', 'e'] => sécurité ['s', 'e', 'k', 'y', 'R', 'i', 't', 'e'] Correct 0.0 <=>  (s=>s) (e=>e) (k=>k) (y=>y) (R=>R) (i=>i) (t=>t) (e=>e)
évidemment ['e', 'v', 'i', 'd', 'a', 'm', 'a~'] => évidemment ['e', 'v', 'i', 'd', 'a', 'm', 'a~'] Correct 0.0 <=>  (e=>e) (v=>v) (i=>i) (d=>d) (a=>a) (m=>m) (a~=>a~)
difficulté ['t', 'i', 'd', 'i', 'k', 'd', 'j', '2'] => après-midi ['a', 'p', 'R', 'e', 'm', 'i', 'd', 'i'] Erreur 16.5 <=>  (=>a) (=>p) (=>R) (=>e) (t=>m) (i=>i) (d=>d) (i=>i) (k=>) (d=>) (j=>) (2=>)
autorité ['O', 't', 'O', 'R', 'i', 't', 'e'] => autorité ['O', 't', 'O', 'R', 'i', 't', 'e'] Correct 0.0 <=>  (O=>O) (t=>t) (O=>O) (R=>R) (i=>i) (t=>t) (e=>e)
situation ['s', 'i', 't', 'y', 'a', 's', 'j', 'o~', 'p'] => situation ['s', 'i', 't', 'y', 'a', 's', 'j', 'o~'] Correct 2.3 <=>  (s=>s) (i=>i) (t=>t) (y=>y) (a=>a) (s=>s) (j=>j) (o~=>o~) (p=>)
démocratie ['d', 'e', 'm', 'O', 'k', 'R', 'a', 's', 'i'] => démocratie ['d', 'e', 'm', 'O', 'k', 'R', 'a', 's', 'i'] Correct 0.0 <=>  (d=>d) (e=>e) (m=>m) (O=>O) (k=>k) (R=>R) (a=>a) (s=>s) (i=>i)
efficacité ['e', 'f', 'i', 'k', 'a', 's', 'i', 't', 'e'] => efficacité ['e', 'f', 'i', 'k', 'a', 's', 'i', 't', 'e'] Correct 0.0 <=>  (e=>e) (f=>f) (i=>i) (k=>k) (a=>a) (s=>s) (i=>i) (t=>t) (e=>e)
efficacité ['e', 'f', 'i', 'k', 'a', 's', 'i', 't', 'e'] => efficacité ['e', 'f', 'i', 'k', 'a', 's', 'i', 't', 'e'] Correct 0.0 <=>  (e=>e) (f=>f) (i=>i) (k=>k) (a=>a) (s=>s) (i=>i) (t=>t) (e=>e)
sécurité ['s', 'E', 'k', 'y', 'R', 'i', 't', 'e'] => sécurité ['s', 'E', 'k', 'y', 'R', 'i', 't', 'e'] Correct 0.0 <=>  (s=>s) (E=>E) (k=>k) (y=>y) (R=>R) (i=>i) (t=>t) (e=>e)
supplémentaire ['s', 'y', 'p', 'l', 'e', 'm', 'a~', 't', 'E', 'R'] => supplémentaire ['s', 'y', 'p', 'l', 'e', 'm', 'a~', 't', 'E', 'R'] Correct 0.0 <=>  (s=>s) (y=>y) (p=>p) (l=>l) (e=>e) (m=>m) (a~=>a~) (t=>t) (E=>E) (R=>R)
réalité ['R', 'e', 'a', 'l', 'i', 't', 'e'] => réalité ['R', 'e', 'a', 'l', 'i', 't', 'e'] Correct 0.0 <=>  (R=>R) (e=>e) (a=>a) (l=>l) (i=>i) (t=>t) (e=>e)
participé ['p', 'a', 'R', 't', 'i', 's', 'i', 'p', 'e'] => participé ['p', 'a', 'R', 't', 'i', 's', 'i', 'p', 'e'] Correct 0.0 <=>  (p=>p) (a=>a) (R=>R) (t=>t) (i=>i) (s=>s) (i=>i) (p=>p) (e=>e)
circulation ['s', 'i', 'R', 'k', 'y', 'l', 'a', 's', 'j', 'o~'] => circulation ['s', 'i', 'R', 'k', 'y', 'l', 'a', 's', 'j', 'o~'] Correct 0.0 <=>  (s=>s) (i=>i) (R=>R) (k=>k) (y=>y) (l=>l) (a=>a) (s=>s) (j=>j) (o~=>o~)
énormément ['e', 'n', 'o', 'R', 'm', 'e', 'm', 'a~'] => énormément ['e', 'n', 'o', 'R', 'm', 'e', 'm', 'a~'] Correct 0.0 <=>  (e=>e) (n=>n) (o=>o) (R=>R) (m=>m) (e=>e) (m=>m) (a~=>a~)
absolument ['n', 's', 'O', 'l', 'y', 'm', 'a~'] => absolument ['a', 'b', 's', 'O', 'l', 'y', 'm', 'a~'] Correct 4.3 <=>  (=>a) (n=>b) (s=>s) (O=>O) (l=>l) (y=>y) (m=>m) (a~=>a~)
information ['f', 'o', 'R', 'm', 'a', 's', 'j', 'o~'] => information ['e~', 'f', 'o', 'R', 'm', 'a', 's', 'j', 'o~'] Correct 1.0 <=>  (=>e~) (f=>f) (o=>o) (R=>R) (m=>m) (a=>a) (s=>s) (j=>j) (o~=>o~)
continuer ['k', 'o~', 't', 'i', 'n', 'y', 'e'] => continuer ['k', 'o~', 't', 'i', 'n', 'y', 'e'] Correct 0.0 <=>  (k=>k) (o~=>o~) (t=>t) (i=>i) (n=>n) (y=>y) (e=>e)
taux d'erreur: 0.1366906474820144
